CRITICAL - 2022-02-14 04:27:37 --> scandir(C:\wamp64\www\FlexiGuest\Modules/): The system cannot find the file specified. (code: 2)
#0 [internal function]: CodeIgniter\Debug\Exceptions->errorHandler(2, 'scandir(C:\\wamp...', 'C:\\wamp64\\www\\F...', 9, Array)
#1 C:\wamp64\www\FlexiGuest\app\Config\Routes.php(9): scandir('C:\\wamp64\\www\\F...')
#2 C:\wamp64\www\FlexiGuest\system\CodeIgniter.php(706): require('C:\\wamp64\\www\\F...')
#3 C:\wamp64\www\FlexiGuest\system\CodeIgniter.php(361): CodeIgniter\CodeIgniter->tryToRouteIt(Object(CodeIgniter\Router\RouteCollection))
#4 C:\wamp64\www\FlexiGuest\system\CodeIgniter.php(320): CodeIgniter\CodeIgniter->handleRequest(NULL, Object(Config\Cache), false)
#5 C:\wamp64\www\FlexiGuest\index.php(37): CodeIgniter\CodeIgniter->run()
#6 {main}
CRITICAL - 2022-02-14 04:28:08 --> scandir(C:\wamp64\www\FlexiGuest\Modules/): The system cannot find the file specified. (code: 2)
#0 [internal function]: CodeIgniter\Debug\Exceptions->errorHandler(2, 'scandir(C:\\wamp...', 'C:\\wamp64\\www\\F...', 9, Array)
#1 C:\wamp64\www\FlexiGuest\app\Config\Routes.php(9): scandir('C:\\wamp64\\www\\F...')
#2 C:\wamp64\www\FlexiGuest\system\CodeIgniter.php(706): require('C:\\wamp64\\www\\F...')
#3 C:\wamp64\www\FlexiGuest\system\CodeIgniter.php(361): CodeIgniter\CodeIgniter->tryToRouteIt(Object(CodeIgniter\Router\RouteCollection))
#4 C:\wamp64\www\FlexiGuest\system\CodeIgniter.php(320): CodeIgniter\CodeIgniter->handleRequest(NULL, Object(Config\Cache), false)
#5 C:\wamp64\www\FlexiGuest\index.php(37): CodeIgniter\CodeIgniter->run()
#6 {main}
CRITICAL - 2022-02-14 04:28:09 --> scandir(C:\wamp64\www\FlexiGuest\Modules/): The system cannot find the file specified. (code: 2)
#0 [internal function]: CodeIgniter\Debug\Exceptions->errorHandler(2, 'scandir(C:\\wamp...', 'C:\\wamp64\\www\\F...', 9, Array)
#1 C:\wamp64\www\FlexiGuest\app\Config\Routes.php(9): scandir('C:\\wamp64\\www\\F...')
#2 C:\wamp64\www\FlexiGuest\system\CodeIgniter.php(706): require('C:\\wamp64\\www\\F...')
#3 C:\wamp64\www\FlexiGuest\system\CodeIgniter.php(361): CodeIgniter\CodeIgniter->tryToRouteIt(Object(CodeIgniter\Router\RouteCollection))
#4 C:\wamp64\www\FlexiGuest\system\CodeIgniter.php(320): CodeIgniter\CodeIgniter->handleRequest(NULL, Object(Config\Cache), false)
#5 C:\wamp64\www\FlexiGuest\index.php(37): CodeIgniter\CodeIgniter->run()
#6 {main}
CRITICAL - 2022-02-14 04:28:14 --> scandir(C:\wamp64\www\FlexiGuest\Modules/): The system cannot find the file specified. (code: 2)
#0 [internal function]: CodeIgniter\Debug\Exceptions->errorHandler(2, 'scandir(C:\\wamp...', 'C:\\wamp64\\www\\F...', 9, Array)
#1 C:\wamp64\www\FlexiGuest\app\Config\Routes.php(9): scandir('C:\\wamp64\\www\\F...')
#2 C:\wamp64\www\FlexiGuest\system\CodeIgniter.php(706): require('C:\\wamp64\\www\\F...')
#3 C:\wamp64\www\FlexiGuest\system\CodeIgniter.php(361): CodeIgniter\CodeIgniter->tryToRouteIt(Object(CodeIgniter\Router\RouteCollection))
#4 C:\wamp64\www\FlexiGuest\system\CodeIgniter.php(320): CodeIgniter\CodeIgniter->handleRequest(NULL, Object(Config\Cache), false)
#5 C:\wamp64\www\FlexiGuest\index.php(37): CodeIgniter\CodeIgniter->run()
#6 {main}
CRITICAL - 2022-02-14 04:28:15 --> scandir(C:\wamp64\www\FlexiGuest\Modules/): The system cannot find the file specified. (code: 2)
#0 [internal function]: CodeIgniter\Debug\Exceptions->errorHandler(2, 'scandir(C:\\wamp...', 'C:\\wamp64\\www\\F...', 9, Array)
#1 C:\wamp64\www\FlexiGuest\app\Config\Routes.php(9): scandir('C:\\wamp64\\www\\F...')
#2 C:\wamp64\www\FlexiGuest\system\CodeIgniter.php(706): require('C:\\wamp64\\www\\F...')
#3 C:\wamp64\www\FlexiGuest\system\CodeIgniter.php(361): CodeIgniter\CodeIgniter->tryToRouteIt(Object(CodeIgniter\Router\RouteCollection))
#4 C:\wamp64\www\FlexiGuest\system\CodeIgniter.php(320): CodeIgniter\CodeIgniter->handleRequest(NULL, Object(Config\Cache), false)
#5 C:\wamp64\www\FlexiGuest\index.php(37): CodeIgniter\CodeIgniter->run()
#6 {main}
CRITICAL - 2022-02-14 04:28:30 --> scandir(C:\wamp64\www\FlexiGuest\Modules/): The system cannot find the file specified. (code: 2)
#0 [internal function]: CodeIgniter\Debug\Exceptions->errorHandler(2, 'scandir(C:\\wamp...', 'C:\\wamp64\\www\\F...', 9, Array)
#1 C:\wamp64\www\FlexiGuest\app\Config\Routes.php(9): scandir('C:\\wamp64\\www\\F...')
#2 C:\wamp64\www\FlexiGuest\system\CodeIgniter.php(706): require('C:\\wamp64\\www\\F...')
#3 C:\wamp64\www\FlexiGuest\system\CodeIgniter.php(361): CodeIgniter\CodeIgniter->tryToRouteIt(Object(CodeIgniter\Router\RouteCollection))
#4 C:\wamp64\www\FlexiGuest\system\CodeIgniter.php(320): CodeIgniter\CodeIgniter->handleRequest(NULL, Object(Config\Cache), false)
#5 C:\wamp64\www\FlexiGuest\index.php(37): CodeIgniter\CodeIgniter->run()
#6 {main}
CRITICAL - 2022-02-14 04:28:39 --> scandir(C:\wamp64\www\FlexiGuest\Modules/): The system cannot find the file specified. (code: 2)
#0 [internal function]: CodeIgniter\Debug\Exceptions->errorHandler(2, 'scandir(C:\\wamp...', 'C:\\wamp64\\www\\F...', 9, Array)
#1 C:\wamp64\www\FlexiGuest\app\Config\Routes.php(9): scandir('C:\\wamp64\\www\\F...')
#2 C:\wamp64\www\FlexiGuest\system\CodeIgniter.php(706): require('C:\\wamp64\\www\\F...')
#3 C:\wamp64\www\FlexiGuest\system\CodeIgniter.php(361): CodeIgniter\CodeIgniter->tryToRouteIt(Object(CodeIgniter\Router\RouteCollection))
#4 C:\wamp64\www\FlexiGuest\system\CodeIgniter.php(320): CodeIgniter\CodeIgniter->handleRequest(NULL, Object(Config\Cache), false)
#5 C:\wamp64\www\FlexiGuest\index.php(37): CodeIgniter\CodeIgniter->run()
#6 {main}
CRITICAL - 2022-02-14 04:29:24 --> scandir(C:\wamp64\www\FlexiGuest\Modules/): The system cannot find the file specified. (code: 2)
#0 [internal function]: CodeIgniter\Debug\Exceptions->errorHandler(2, 'scandir(C:\\wamp...', 'C:\\wamp64\\www\\F...', 9, Array)
#1 C:\wamp64\www\FlexiGuest\app\Config\Routes.php(9): scandir('C:\\wamp64\\www\\F...')
#2 C:\wamp64\www\FlexiGuest\system\CodeIgniter.php(706): require('C:\\wamp64\\www\\F...')
#3 C:\wamp64\www\FlexiGuest\system\CodeIgniter.php(361): CodeIgniter\CodeIgniter->tryToRouteIt(Object(CodeIgniter\Router\RouteCollection))
#4 C:\wamp64\www\FlexiGuest\system\CodeIgniter.php(320): CodeIgniter\CodeIgniter->handleRequest(NULL, Object(Config\Cache), false)
#5 C:\wamp64\www\FlexiGuest\index.php(37): CodeIgniter\CodeIgniter->run()
#6 {main}
CRITICAL - 2022-02-14 04:29:24 --> scandir(C:\wamp64\www\FlexiGuest\Modules/): The system cannot find the file specified. (code: 2)
#0 [internal function]: CodeIgniter\Debug\Exceptions->errorHandler(2, 'scandir(C:\\wamp...', 'C:\\wamp64\\www\\F...', 9, Array)
#1 C:\wamp64\www\FlexiGuest\app\Config\Routes.php(9): scandir('C:\\wamp64\\www\\F...')
#2 C:\wamp64\www\FlexiGuest\system\CodeIgniter.php(706): require('C:\\wamp64\\www\\F...')
#3 C:\wamp64\www\FlexiGuest\system\CodeIgniter.php(361): CodeIgniter\CodeIgniter->tryToRouteIt(Object(CodeIgniter\Router\RouteCollection))
#4 C:\wamp64\www\FlexiGuest\system\CodeIgniter.php(320): CodeIgniter\CodeIgniter->handleRequest(NULL, Object(Config\Cache), false)
#5 C:\wamp64\www\FlexiGuest\index.php(37): CodeIgniter\CodeIgniter->run()
#6 {main}
CRITICAL - 2022-02-14 04:29:24 --> scandir(C:\wamp64\www\FlexiGuest\Modules/): The system cannot find the file specified. (code: 2)
#0 [internal function]: CodeIgniter\Debug\Exceptions->errorHandler(2, 'scandir(C:\\wamp...', 'C:\\wamp64\\www\\F...', 9, Array)
#1 C:\wamp64\www\FlexiGuest\app\Config\Routes.php(9): scandir('C:\\wamp64\\www\\F...')
#2 C:\wamp64\www\FlexiGuest\system\CodeIgniter.php(706): require('C:\\wamp64\\www\\F...')
#3 C:\wamp64\www\FlexiGuest\system\CodeIgniter.php(361): CodeIgniter\CodeIgniter->tryToRouteIt(Object(CodeIgniter\Router\RouteCollection))
#4 C:\wamp64\www\FlexiGuest\system\CodeIgniter.php(320): CodeIgniter\CodeIgniter->handleRequest(NULL, Object(Config\Cache), false)
#5 C:\wamp64\www\FlexiGuest\index.php(37): CodeIgniter\CodeIgniter->run()
#6 {main}
CRITICAL - 2022-02-14 04:29:24 --> scandir(C:\wamp64\www\FlexiGuest\Modules/): The system cannot find the file specified. (code: 2)
#0 [internal function]: CodeIgniter\Debug\Exceptions->errorHandler(2, 'scandir(C:\\wamp...', 'C:\\wamp64\\www\\F...', 9, Array)
#1 C:\wamp64\www\FlexiGuest\app\Config\Routes.php(9): scandir('C:\\wamp64\\www\\F...')
#2 C:\wamp64\www\FlexiGuest\system\CodeIgniter.php(706): require('C:\\wamp64\\www\\F...')
#3 C:\wamp64\www\FlexiGuest\system\CodeIgniter.php(361): CodeIgniter\CodeIgniter->tryToRouteIt(Object(CodeIgniter\Router\RouteCollection))
#4 C:\wamp64\www\FlexiGuest\system\CodeIgniter.php(320): CodeIgniter\CodeIgniter->handleRequest(NULL, Object(Config\Cache), false)
#5 C:\wamp64\www\FlexiGuest\index.php(37): CodeIgniter\CodeIgniter->run()
#6 {main}
CRITICAL - 2022-02-14 04:29:24 --> scandir(C:\wamp64\www\FlexiGuest\Modules/): The system cannot find the file specified. (code: 2)
#0 [internal function]: CodeIgniter\Debug\Exceptions->errorHandler(2, 'scandir(C:\\wamp...', 'C:\\wamp64\\www\\F...', 9, Array)
#1 C:\wamp64\www\FlexiGuest\app\Config\Routes.php(9): scandir('C:\\wamp64\\www\\F...')
#2 C:\wamp64\www\FlexiGuest\system\CodeIgniter.php(706): require('C:\\wamp64\\www\\F...')
#3 C:\wamp64\www\FlexiGuest\system\CodeIgniter.php(361): CodeIgniter\CodeIgniter->tryToRouteIt(Object(CodeIgniter\Router\RouteCollection))
#4 C:\wamp64\www\FlexiGuest\system\CodeIgniter.php(320): CodeIgniter\CodeIgniter->handleRequest(NULL, Object(Config\Cache), false)
#5 C:\wamp64\www\FlexiGuest\index.php(37): CodeIgniter\CodeIgniter->run()
#6 {main}
CRITICAL - 2022-02-14 04:29:24 --> scandir(C:\wamp64\www\FlexiGuest\Modules/): The system cannot find the file specified. (code: 2)
#0 [internal function]: CodeIgniter\Debug\Exceptions->errorHandler(2, 'scandir(C:\\wamp...', 'C:\\wamp64\\www\\F...', 9, Array)
#1 C:\wamp64\www\FlexiGuest\app\Config\Routes.php(9): scandir('C:\\wamp64\\www\\F...')
#2 C:\wamp64\www\FlexiGuest\system\CodeIgniter.php(706): require('C:\\wamp64\\www\\F...')
#3 C:\wamp64\www\FlexiGuest\system\CodeIgniter.php(361): CodeIgniter\CodeIgniter->tryToRouteIt(Object(CodeIgniter\Router\RouteCollection))
#4 C:\wamp64\www\FlexiGuest\system\CodeIgniter.php(320): CodeIgniter\CodeIgniter->handleRequest(NULL, Object(Config\Cache), false)
#5 C:\wamp64\www\FlexiGuest\index.php(37): CodeIgniter\CodeIgniter->run()
#6 {main}
CRITICAL - 2022-02-14 04:29:24 --> scandir(C:\wamp64\www\FlexiGuest\Modules/): The system cannot find the file specified. (code: 2)
#0 [internal function]: CodeIgniter\Debug\Exceptions->errorHandler(2, 'scandir(C:\\wamp...', 'C:\\wamp64\\www\\F...', 9, Array)
#1 C:\wamp64\www\FlexiGuest\app\Config\Routes.php(9): scandir('C:\\wamp64\\www\\F...')
#2 C:\wamp64\www\FlexiGuest\system\CodeIgniter.php(706): require('C:\\wamp64\\www\\F...')
#3 C:\wamp64\www\FlexiGuest\system\CodeIgniter.php(361): CodeIgniter\CodeIgniter->tryToRouteIt(Object(CodeIgniter\Router\RouteCollection))
#4 C:\wamp64\www\FlexiGuest\system\CodeIgniter.php(320): CodeIgniter\CodeIgniter->handleRequest(NULL, Object(Config\Cache), false)
#5 C:\wamp64\www\FlexiGuest\index.php(37): CodeIgniter\CodeIgniter->run()
#6 {main}
CRITICAL - 2022-02-14 04:29:24 --> scandir(C:\wamp64\www\FlexiGuest\Modules/): The system cannot find the file specified. (code: 2)
#0 [internal function]: CodeIgniter\Debug\Exceptions->errorHandler(2, 'scandir(C:\\wamp...', 'C:\\wamp64\\www\\F...', 9, Array)
#1 C:\wamp64\www\FlexiGuest\app\Config\Routes.php(9): scandir('C:\\wamp64\\www\\F...')
#2 C:\wamp64\www\FlexiGuest\system\CodeIgniter.php(706): require('C:\\wamp64\\www\\F...')
#3 C:\wamp64\www\FlexiGuest\system\CodeIgniter.php(361): CodeIgniter\CodeIgniter->tryToRouteIt(Object(CodeIgniter\Router\RouteCollection))
#4 C:\wamp64\www\FlexiGuest\system\CodeIgniter.php(320): CodeIgniter\CodeIgniter->handleRequest(NULL, Object(Config\Cache), false)
#5 C:\wamp64\www\FlexiGuest\index.php(37): CodeIgniter\CodeIgniter->run()
#6 {main}
CRITICAL - 2022-02-14 04:29:24 --> scandir(C:\wamp64\www\FlexiGuest\Modules/): The system cannot find the file specified. (code: 2)
#0 [internal function]: CodeIgniter\Debug\Exceptions->errorHandler(2, 'scandir(C:\\wamp...', 'C:\\wamp64\\www\\F...', 9, Array)
#1 C:\wamp64\www\FlexiGuest\app\Config\Routes.php(9): scandir('C:\\wamp64\\www\\F...')
#2 C:\wamp64\www\FlexiGuest\system\CodeIgniter.php(706): require('C:\\wamp64\\www\\F...')
#3 C:\wamp64\www\FlexiGuest\system\CodeIgniter.php(361): CodeIgniter\CodeIgniter->tryToRouteIt(Object(CodeIgniter\Router\RouteCollection))
#4 C:\wamp64\www\FlexiGuest\system\CodeIgniter.php(320): CodeIgniter\CodeIgniter->handleRequest(NULL, Object(Config\Cache), false)
#5 C:\wamp64\www\FlexiGuest\index.php(37): CodeIgniter\CodeIgniter->run()
#6 {main}
CRITICAL - 2022-02-14 04:29:24 --> scandir(C:\wamp64\www\FlexiGuest\Modules/): The system cannot find the file specified. (code: 2)
#0 [internal function]: CodeIgniter\Debug\Exceptions->errorHandler(2, 'scandir(C:\\wamp...', 'C:\\wamp64\\www\\F...', 9, Array)
#1 C:\wamp64\www\FlexiGuest\app\Config\Routes.php(9): scandir('C:\\wamp64\\www\\F...')
#2 C:\wamp64\www\FlexiGuest\system\CodeIgniter.php(706): require('C:\\wamp64\\www\\F...')
#3 C:\wamp64\www\FlexiGuest\system\CodeIgniter.php(361): CodeIgniter\CodeIgniter->tryToRouteIt(Object(CodeIgniter\Router\RouteCollection))
#4 C:\wamp64\www\FlexiGuest\system\CodeIgniter.php(320): CodeIgniter\CodeIgniter->handleRequest(NULL, Object(Config\Cache), false)
#5 C:\wamp64\www\FlexiGuest\index.php(37): CodeIgniter\CodeIgniter->run()
#6 {main}
CRITICAL - 2022-02-14 04:29:24 --> scandir(C:\wamp64\www\FlexiGuest\Modules/): The system cannot find the file specified. (code: 2)
#0 [internal function]: CodeIgniter\Debug\Exceptions->errorHandler(2, 'scandir(C:\\wamp...', 'C:\\wamp64\\www\\F...', 9, Array)
#1 C:\wamp64\www\FlexiGuest\app\Config\Routes.php(9): scandir('C:\\wamp64\\www\\F...')
#2 C:\wamp64\www\FlexiGuest\system\CodeIgniter.php(706): require('C:\\wamp64\\www\\F...')
#3 C:\wamp64\www\FlexiGuest\system\CodeIgniter.php(361): CodeIgniter\CodeIgniter->tryToRouteIt(Object(CodeIgniter\Router\RouteCollection))
#4 C:\wamp64\www\FlexiGuest\system\CodeIgniter.php(320): CodeIgniter\CodeIgniter->handleRequest(NULL, Object(Config\Cache), false)
#5 C:\wamp64\www\FlexiGuest\index.php(37): CodeIgniter\CodeIgniter->run()
#6 {main}
CRITICAL - 2022-02-14 04:29:24 --> scandir(C:\wamp64\www\FlexiGuest\Modules/): The system cannot find the file specified. (code: 2)
#0 [internal function]: CodeIgniter\Debug\Exceptions->errorHandler(2, 'scandir(C:\\wamp...', 'C:\\wamp64\\www\\F...', 9, Array)
#1 C:\wamp64\www\FlexiGuest\app\Config\Routes.php(9): scandir('C:\\wamp64\\www\\F...')
#2 C:\wamp64\www\FlexiGuest\system\CodeIgniter.php(706): require('C:\\wamp64\\www\\F...')
#3 C:\wamp64\www\FlexiGuest\system\CodeIgniter.php(361): CodeIgniter\CodeIgniter->tryToRouteIt(Object(CodeIgniter\Router\RouteCollection))
#4 C:\wamp64\www\FlexiGuest\system\CodeIgniter.php(320): CodeIgniter\CodeIgniter->handleRequest(NULL, Object(Config\Cache), false)
#5 C:\wamp64\www\FlexiGuest\index.php(37): CodeIgniter\CodeIgniter->run()
#6 {main}
CRITICAL - 2022-02-14 04:29:25 --> scandir(C:\wamp64\www\FlexiGuest\Modules/): The system cannot find the file specified. (code: 2)
#0 [internal function]: CodeIgniter\Debug\Exceptions->errorHandler(2, 'scandir(C:\\wamp...', 'C:\\wamp64\\www\\F...', 9, Array)
#1 C:\wamp64\www\FlexiGuest\app\Config\Routes.php(9): scandir('C:\\wamp64\\www\\F...')
#2 C:\wamp64\www\FlexiGuest\system\CodeIgniter.php(706): require('C:\\wamp64\\www\\F...')
#3 C:\wamp64\www\FlexiGuest\system\CodeIgniter.php(361): CodeIgniter\CodeIgniter->tryToRouteIt(Object(CodeIgniter\Router\RouteCollection))
#4 C:\wamp64\www\FlexiGuest\system\CodeIgniter.php(320): CodeIgniter\CodeIgniter->handleRequest(NULL, Object(Config\Cache), false)
#5 C:\wamp64\www\FlexiGuest\index.php(37): CodeIgniter\CodeIgniter->run()
#6 {main}
CRITICAL - 2022-02-14 04:29:25 --> scandir(C:\wamp64\www\FlexiGuest\Modules/): The system cannot find the file specified. (code: 2)
#0 [internal function]: CodeIgniter\Debug\Exceptions->errorHandler(2, 'scandir(C:\\wamp...', 'C:\\wamp64\\www\\F...', 9, Array)
#1 C:\wamp64\www\FlexiGuest\app\Config\Routes.php(9): scandir('C:\\wamp64\\www\\F...')
#2 C:\wamp64\www\FlexiGuest\system\CodeIgniter.php(706): require('C:\\wamp64\\www\\F...')
#3 C:\wamp64\www\FlexiGuest\system\CodeIgniter.php(361): CodeIgniter\CodeIgniter->tryToRouteIt(Object(CodeIgniter\Router\RouteCollection))
#4 C:\wamp64\www\FlexiGuest\system\CodeIgniter.php(320): CodeIgniter\CodeIgniter->handleRequest(NULL, Object(Config\Cache), false)
#5 C:\wamp64\www\FlexiGuest\index.php(37): CodeIgniter\CodeIgniter->run()
#6 {main}
CRITICAL - 2022-02-14 04:29:25 --> scandir(C:\wamp64\www\FlexiGuest\Modules/): The system cannot find the file specified. (code: 2)
#0 [internal function]: CodeIgniter\Debug\Exceptions->errorHandler(2, 'scandir(C:\\wamp...', 'C:\\wamp64\\www\\F...', 9, Array)
#1 C:\wamp64\www\FlexiGuest\app\Config\Routes.php(9): scandir('C:\\wamp64\\www\\F...')
#2 C:\wamp64\www\FlexiGuest\system\CodeIgniter.php(706): require('C:\\wamp64\\www\\F...')
#3 C:\wamp64\www\FlexiGuest\system\CodeIgniter.php(361): CodeIgniter\CodeIgniter->tryToRouteIt(Object(CodeIgniter\Router\RouteCollection))
#4 C:\wamp64\www\FlexiGuest\system\CodeIgniter.php(320): CodeIgniter\CodeIgniter->handleRequest(NULL, Object(Config\Cache), false)
#5 C:\wamp64\www\FlexiGuest\index.php(37): CodeIgniter\CodeIgniter->run()
#6 {main}
CRITICAL - 2022-02-14 04:29:25 --> scandir(C:\wamp64\www\FlexiGuest\Modules/): The system cannot find the file specified. (code: 2)
#0 [internal function]: CodeIgniter\Debug\Exceptions->errorHandler(2, 'scandir(C:\\wamp...', 'C:\\wamp64\\www\\F...', 9, Array)
#1 C:\wamp64\www\FlexiGuest\app\Config\Routes.php(9): scandir('C:\\wamp64\\www\\F...')
#2 C:\wamp64\www\FlexiGuest\system\CodeIgniter.php(706): require('C:\\wamp64\\www\\F...')
#3 C:\wamp64\www\FlexiGuest\system\CodeIgniter.php(361): CodeIgniter\CodeIgniter->tryToRouteIt(Object(CodeIgniter\Router\RouteCollection))
#4 C:\wamp64\www\FlexiGuest\system\CodeIgniter.php(320): CodeIgniter\CodeIgniter->handleRequest(NULL, Object(Config\Cache), false)
#5 C:\wamp64\www\FlexiGuest\index.php(37): CodeIgniter\CodeIgniter->run()
#6 {main}
CRITICAL - 2022-02-14 04:29:25 --> scandir(C:\wamp64\www\FlexiGuest\Modules/): The system cannot find the file specified. (code: 2)
#0 [internal function]: CodeIgniter\Debug\Exceptions->errorHandler(2, 'scandir(C:\\wamp...', 'C:\\wamp64\\www\\F...', 9, Array)
#1 C:\wamp64\www\FlexiGuest\app\Config\Routes.php(9): scandir('C:\\wamp64\\www\\F...')
#2 C:\wamp64\www\FlexiGuest\system\CodeIgniter.php(706): require('C:\\wamp64\\www\\F...')
#3 C:\wamp64\www\FlexiGuest\system\CodeIgniter.php(361): CodeIgniter\CodeIgniter->tryToRouteIt(Object(CodeIgniter\Router\RouteCollection))
#4 C:\wamp64\www\FlexiGuest\system\CodeIgniter.php(320): CodeIgniter\CodeIgniter->handleRequest(NULL, Object(Config\Cache), false)
#5 C:\wamp64\www\FlexiGuest\index.php(37): CodeIgniter\CodeIgniter->run()
#6 {main}
CRITICAL - 2022-02-14 04:29:25 --> scandir(C:\wamp64\www\FlexiGuest\Modules/): The system cannot find the file specified. (code: 2)
#0 [internal function]: CodeIgniter\Debug\Exceptions->errorHandler(2, 'scandir(C:\\wamp...', 'C:\\wamp64\\www\\F...', 9, Array)
#1 C:\wamp64\www\FlexiGuest\app\Config\Routes.php(9): scandir('C:\\wamp64\\www\\F...')
#2 C:\wamp64\www\FlexiGuest\system\CodeIgniter.php(706): require('C:\\wamp64\\www\\F...')
#3 C:\wamp64\www\FlexiGuest\system\CodeIgniter.php(361): CodeIgniter\CodeIgniter->tryToRouteIt(Object(CodeIgniter\Router\RouteCollection))
#4 C:\wamp64\www\FlexiGuest\system\CodeIgniter.php(320): CodeIgniter\CodeIgniter->handleRequest(NULL, Object(Config\Cache), false)
#5 C:\wamp64\www\FlexiGuest\index.php(37): CodeIgniter\CodeIgniter->run()
#6 {main}
CRITICAL - 2022-02-14 04:29:25 --> scandir(C:\wamp64\www\FlexiGuest\Modules/): The system cannot find the file specified. (code: 2)
#0 [internal function]: CodeIgniter\Debug\Exceptions->errorHandler(2, 'scandir(C:\\wamp...', 'C:\\wamp64\\www\\F...', 9, Array)
#1 C:\wamp64\www\FlexiGuest\app\Config\Routes.php(9): scandir('C:\\wamp64\\www\\F...')
#2 C:\wamp64\www\FlexiGuest\system\CodeIgniter.php(706): require('C:\\wamp64\\www\\F...')
#3 C:\wamp64\www\FlexiGuest\system\CodeIgniter.php(361): CodeIgniter\CodeIgniter->tryToRouteIt(Object(CodeIgniter\Router\RouteCollection))
#4 C:\wamp64\www\FlexiGuest\system\CodeIgniter.php(320): CodeIgniter\CodeIgniter->handleRequest(NULL, Object(Config\Cache), false)
#5 C:\wamp64\www\FlexiGuest\index.php(37): CodeIgniter\CodeIgniter->run()
#6 {main}
CRITICAL - 2022-02-14 04:29:25 --> scandir(C:\wamp64\www\FlexiGuest\Modules/): The system cannot find the file specified. (code: 2)
#0 [internal function]: CodeIgniter\Debug\Exceptions->errorHandler(2, 'scandir(C:\\wamp...', 'C:\\wamp64\\www\\F...', 9, Array)
#1 C:\wamp64\www\FlexiGuest\app\Config\Routes.php(9): scandir('C:\\wamp64\\www\\F...')
#2 C:\wamp64\www\FlexiGuest\system\CodeIgniter.php(706): require('C:\\wamp64\\www\\F...')
#3 C:\wamp64\www\FlexiGuest\system\CodeIgniter.php(361): CodeIgniter\CodeIgniter->tryToRouteIt(Object(CodeIgniter\Router\RouteCollection))
#4 C:\wamp64\www\FlexiGuest\system\CodeIgniter.php(320): CodeIgniter\CodeIgniter->handleRequest(NULL, Object(Config\Cache), false)
#5 C:\wamp64\www\FlexiGuest\index.php(37): CodeIgniter\CodeIgniter->run()
#6 {main}
CRITICAL - 2022-02-14 04:29:25 --> scandir(C:\wamp64\www\FlexiGuest\Modules/): The system cannot find the file specified. (code: 2)
#0 [internal function]: CodeIgniter\Debug\Exceptions->errorHandler(2, 'scandir(C:\\wamp...', 'C:\\wamp64\\www\\F...', 9, Array)
#1 C:\wamp64\www\FlexiGuest\app\Config\Routes.php(9): scandir('C:\\wamp64\\www\\F...')
#2 C:\wamp64\www\FlexiGuest\system\CodeIgniter.php(706): require('C:\\wamp64\\www\\F...')
#3 C:\wamp64\www\FlexiGuest\system\CodeIgniter.php(361): CodeIgniter\CodeIgniter->tryToRouteIt(Object(CodeIgniter\Router\RouteCollection))
#4 C:\wamp64\www\FlexiGuest\system\CodeIgniter.php(320): CodeIgniter\CodeIgniter->handleRequest(NULL, Object(Config\Cache), false)
#5 C:\wamp64\www\FlexiGuest\index.php(37): CodeIgniter\CodeIgniter->run()
#6 {main}
CRITICAL - 2022-02-14 04:29:25 --> scandir(C:\wamp64\www\FlexiGuest\Modules/): The system cannot find the file specified. (code: 2)
#0 [internal function]: CodeIgniter\Debug\Exceptions->errorHandler(2, 'scandir(C:\\wamp...', 'C:\\wamp64\\www\\F...', 9, Array)
#1 C:\wamp64\www\FlexiGuest\app\Config\Routes.php(9): scandir('C:\\wamp64\\www\\F...')
#2 C:\wamp64\www\FlexiGuest\system\CodeIgniter.php(706): require('C:\\wamp64\\www\\F...')
#3 C:\wamp64\www\FlexiGuest\system\CodeIgniter.php(361): CodeIgniter\CodeIgniter->tryToRouteIt(Object(CodeIgniter\Router\RouteCollection))
#4 C:\wamp64\www\FlexiGuest\system\CodeIgniter.php(320): CodeIgniter\CodeIgniter->handleRequest(NULL, Object(Config\Cache), false)
#5 C:\wamp64\www\FlexiGuest\index.php(37): CodeIgniter\CodeIgniter->run()
#6 {main}
CRITICAL - 2022-02-14 04:29:25 --> scandir(C:\wamp64\www\FlexiGuest\Modules/): The system cannot find the file specified. (code: 2)
#0 [internal function]: CodeIgniter\Debug\Exceptions->errorHandler(2, 'scandir(C:\\wamp...', 'C:\\wamp64\\www\\F...', 9, Array)
#1 C:\wamp64\www\FlexiGuest\app\Config\Routes.php(9): scandir('C:\\wamp64\\www\\F...')
#2 C:\wamp64\www\FlexiGuest\system\CodeIgniter.php(706): require('C:\\wamp64\\www\\F...')
#3 C:\wamp64\www\FlexiGuest\system\CodeIgniter.php(361): CodeIgniter\CodeIgniter->tryToRouteIt(Object(CodeIgniter\Router\RouteCollection))
#4 C:\wamp64\www\FlexiGuest\system\CodeIgniter.php(320): CodeIgniter\CodeIgniter->handleRequest(NULL, Object(Config\Cache), false)
#5 C:\wamp64\www\FlexiGuest\index.php(37): CodeIgniter\CodeIgniter->run()
#6 {main}
CRITICAL - 2022-02-14 04:29:25 --> scandir(C:\wamp64\www\FlexiGuest\Modules/): The system cannot find the file specified. (code: 2)
#0 [internal function]: CodeIgniter\Debug\Exceptions->errorHandler(2, 'scandir(C:\\wamp...', 'C:\\wamp64\\www\\F...', 9, Array)
#1 C:\wamp64\www\FlexiGuest\app\Config\Routes.php(9): scandir('C:\\wamp64\\www\\F...')
#2 C:\wamp64\www\FlexiGuest\system\CodeIgniter.php(706): require('C:\\wamp64\\www\\F...')
#3 C:\wamp64\www\FlexiGuest\system\CodeIgniter.php(361): CodeIgniter\CodeIgniter->tryToRouteIt(Object(CodeIgniter\Router\RouteCollection))
#4 C:\wamp64\www\FlexiGuest\system\CodeIgniter.php(320): CodeIgniter\CodeIgniter->handleRequest(NULL, Object(Config\Cache), false)
#5 C:\wamp64\www\FlexiGuest\index.php(37): CodeIgniter\CodeIgniter->run()
#6 {main}
CRITICAL - 2022-02-14 04:29:25 --> scandir(C:\wamp64\www\FlexiGuest\Modules/): The system cannot find the file specified. (code: 2)
#0 [internal function]: CodeIgniter\Debug\Exceptions->errorHandler(2, 'scandir(C:\\wamp...', 'C:\\wamp64\\www\\F...', 9, Array)
#1 C:\wamp64\www\FlexiGuest\app\Config\Routes.php(9): scandir('C:\\wamp64\\www\\F...')
#2 C:\wamp64\www\FlexiGuest\system\CodeIgniter.php(706): require('C:\\wamp64\\www\\F...')
#3 C:\wamp64\www\FlexiGuest\system\CodeIgniter.php(361): CodeIgniter\CodeIgniter->tryToRouteIt(Object(CodeIgniter\Router\RouteCollection))
#4 C:\wamp64\www\FlexiGuest\system\CodeIgniter.php(320): CodeIgniter\CodeIgniter->handleRequest(NULL, Object(Config\Cache), false)
#5 C:\wamp64\www\FlexiGuest\index.php(37): CodeIgniter\CodeIgniter->run()
#6 {main}
CRITICAL - 2022-02-14 04:29:25 --> scandir(C:\wamp64\www\FlexiGuest\Modules/): The system cannot find the file specified. (code: 2)
#0 [internal function]: CodeIgniter\Debug\Exceptions->errorHandler(2, 'scandir(C:\\wamp...', 'C:\\wamp64\\www\\F...', 9, Array)
#1 C:\wamp64\www\FlexiGuest\app\Config\Routes.php(9): scandir('C:\\wamp64\\www\\F...')
#2 C:\wamp64\www\FlexiGuest\system\CodeIgniter.php(706): require('C:\\wamp64\\www\\F...')
#3 C:\wamp64\www\FlexiGuest\system\CodeIgniter.php(361): CodeIgniter\CodeIgniter->tryToRouteIt(Object(CodeIgniter\Router\RouteCollection))
#4 C:\wamp64\www\FlexiGuest\system\CodeIgniter.php(320): CodeIgniter\CodeIgniter->handleRequest(NULL, Object(Config\Cache), false)
#5 C:\wamp64\www\FlexiGuest\index.php(37): CodeIgniter\CodeIgniter->run()
#6 {main}
CRITICAL - 2022-02-14 04:29:25 --> scandir(C:\wamp64\www\FlexiGuest\Modules/): The system cannot find the file specified. (code: 2)
#0 [internal function]: CodeIgniter\Debug\Exceptions->errorHandler(2, 'scandir(C:\\wamp...', 'C:\\wamp64\\www\\F...', 9, Array)
#1 C:\wamp64\www\FlexiGuest\app\Config\Routes.php(9): scandir('C:\\wamp64\\www\\F...')
#2 C:\wamp64\www\FlexiGuest\system\CodeIgniter.php(706): require('C:\\wamp64\\www\\F...')
#3 C:\wamp64\www\FlexiGuest\system\CodeIgniter.php(361): CodeIgniter\CodeIgniter->tryToRouteIt(Object(CodeIgniter\Router\RouteCollection))
#4 C:\wamp64\www\FlexiGuest\system\CodeIgniter.php(320): CodeIgniter\CodeIgniter->handleRequest(NULL, Object(Config\Cache), false)
#5 C:\wamp64\www\FlexiGuest\index.php(37): CodeIgniter\CodeIgniter->run()
#6 {main}
CRITICAL - 2022-02-14 04:29:25 --> scandir(C:\wamp64\www\FlexiGuest\Modules/): The system cannot find the file specified. (code: 2)
#0 [internal function]: CodeIgniter\Debug\Exceptions->errorHandler(2, 'scandir(C:\\wamp...', 'C:\\wamp64\\www\\F...', 9, Array)
#1 C:\wamp64\www\FlexiGuest\app\Config\Routes.php(9): scandir('C:\\wamp64\\www\\F...')
#2 C:\wamp64\www\FlexiGuest\system\CodeIgniter.php(706): require('C:\\wamp64\\www\\F...')
#3 C:\wamp64\www\FlexiGuest\system\CodeIgniter.php(361): CodeIgniter\CodeIgniter->tryToRouteIt(Object(CodeIgniter\Router\RouteCollection))
#4 C:\wamp64\www\FlexiGuest\system\CodeIgniter.php(320): CodeIgniter\CodeIgniter->handleRequest(NULL, Object(Config\Cache), false)
#5 C:\wamp64\www\FlexiGuest\index.php(37): CodeIgniter\CodeIgniter->run()
#6 {main}
CRITICAL - 2022-02-14 04:29:25 --> scandir(C:\wamp64\www\FlexiGuest\Modules/): The system cannot find the file specified. (code: 2)
#0 [internal function]: CodeIgniter\Debug\Exceptions->errorHandler(2, 'scandir(C:\\wamp...', 'C:\\wamp64\\www\\F...', 9, Array)
#1 C:\wamp64\www\FlexiGuest\app\Config\Routes.php(9): scandir('C:\\wamp64\\www\\F...')
#2 C:\wamp64\www\FlexiGuest\system\CodeIgniter.php(706): require('C:\\wamp64\\www\\F...')
#3 C:\wamp64\www\FlexiGuest\system\CodeIgniter.php(361): CodeIgniter\CodeIgniter->tryToRouteIt(Object(CodeIgniter\Router\RouteCollection))
#4 C:\wamp64\www\FlexiGuest\system\CodeIgniter.php(320): CodeIgniter\CodeIgniter->handleRequest(NULL, Object(Config\Cache), false)
#5 C:\wamp64\www\FlexiGuest\index.php(37): CodeIgniter\CodeIgniter->run()
#6 {main}
CRITICAL - 2022-02-14 04:29:25 --> scandir(C:\wamp64\www\FlexiGuest\Modules/): The system cannot find the file specified. (code: 2)
#0 [internal function]: CodeIgniter\Debug\Exceptions->errorHandler(2, 'scandir(C:\\wamp...', 'C:\\wamp64\\www\\F...', 9, Array)
#1 C:\wamp64\www\FlexiGuest\app\Config\Routes.php(9): scandir('C:\\wamp64\\www\\F...')
#2 C:\wamp64\www\FlexiGuest\system\CodeIgniter.php(706): require('C:\\wamp64\\www\\F...')
#3 C:\wamp64\www\FlexiGuest\system\CodeIgniter.php(361): CodeIgniter\CodeIgniter->tryToRouteIt(Object(CodeIgniter\Router\RouteCollection))
#4 C:\wamp64\www\FlexiGuest\system\CodeIgniter.php(320): CodeIgniter\CodeIgniter->handleRequest(NULL, Object(Config\Cache), false)
#5 C:\wamp64\www\FlexiGuest\index.php(37): CodeIgniter\CodeIgniter->run()
#6 {main}
CRITICAL - 2022-02-14 04:29:25 --> scandir(C:\wamp64\www\FlexiGuest\Modules/): The system cannot find the file specified. (code: 2)
#0 [internal function]: CodeIgniter\Debug\Exceptions->errorHandler(2, 'scandir(C:\\wamp...', 'C:\\wamp64\\www\\F...', 9, Array)
#1 C:\wamp64\www\FlexiGuest\app\Config\Routes.php(9): scandir('C:\\wamp64\\www\\F...')
#2 C:\wamp64\www\FlexiGuest\system\CodeIgniter.php(706): require('C:\\wamp64\\www\\F...')
#3 C:\wamp64\www\FlexiGuest\system\CodeIgniter.php(361): CodeIgniter\CodeIgniter->tryToRouteIt(Object(CodeIgniter\Router\RouteCollection))
#4 C:\wamp64\www\FlexiGuest\system\CodeIgniter.php(320): CodeIgniter\CodeIgniter->handleRequest(NULL, Object(Config\Cache), false)
#5 C:\wamp64\www\FlexiGuest\index.php(37): CodeIgniter\CodeIgniter->run()
#6 {main}
CRITICAL - 2022-02-14 04:29:25 --> scandir(C:\wamp64\www\FlexiGuest\Modules/): The system cannot find the file specified. (code: 2)
#0 [internal function]: CodeIgniter\Debug\Exceptions->errorHandler(2, 'scandir(C:\\wamp...', 'C:\\wamp64\\www\\F...', 9, Array)
#1 C:\wamp64\www\FlexiGuest\app\Config\Routes.php(9): scandir('C:\\wamp64\\www\\F...')
#2 C:\wamp64\www\FlexiGuest\system\CodeIgniter.php(706): require('C:\\wamp64\\www\\F...')
#3 C:\wamp64\www\FlexiGuest\system\CodeIgniter.php(361): CodeIgniter\CodeIgniter->tryToRouteIt(Object(CodeIgniter\Router\RouteCollection))
#4 C:\wamp64\www\FlexiGuest\system\CodeIgniter.php(320): CodeIgniter\CodeIgniter->handleRequest(NULL, Object(Config\Cache), false)
#5 C:\wamp64\www\FlexiGuest\index.php(37): CodeIgniter\CodeIgniter->run()
#6 {main}
CRITICAL - 2022-02-14 04:29:25 --> scandir(C:\wamp64\www\FlexiGuest\Modules/): The system cannot find the file specified. (code: 2)
#0 [internal function]: CodeIgniter\Debug\Exceptions->errorHandler(2, 'scandir(C:\\wamp...', 'C:\\wamp64\\www\\F...', 9, Array)
#1 C:\wamp64\www\FlexiGuest\app\Config\Routes.php(9): scandir('C:\\wamp64\\www\\F...')
#2 C:\wamp64\www\FlexiGuest\system\CodeIgniter.php(706): require('C:\\wamp64\\www\\F...')
#3 C:\wamp64\www\FlexiGuest\system\CodeIgniter.php(361): CodeIgniter\CodeIgniter->tryToRouteIt(Object(CodeIgniter\Router\RouteCollection))
#4 C:\wamp64\www\FlexiGuest\system\CodeIgniter.php(320): CodeIgniter\CodeIgniter->handleRequest(NULL, Object(Config\Cache), false)
#5 C:\wamp64\www\FlexiGuest\index.php(37): CodeIgniter\CodeIgniter->run()
#6 {main}
CRITICAL - 2022-02-14 04:29:25 --> scandir(C:\wamp64\www\FlexiGuest\Modules/): The system cannot find the file specified. (code: 2)
#0 [internal function]: CodeIgniter\Debug\Exceptions->errorHandler(2, 'scandir(C:\\wamp...', 'C:\\wamp64\\www\\F...', 9, Array)
#1 C:\wamp64\www\FlexiGuest\app\Config\Routes.php(9): scandir('C:\\wamp64\\www\\F...')
#2 C:\wamp64\www\FlexiGuest\system\CodeIgniter.php(706): require('C:\\wamp64\\www\\F...')
#3 C:\wamp64\www\FlexiGuest\system\CodeIgniter.php(361): CodeIgniter\CodeIgniter->tryToRouteIt(Object(CodeIgniter\Router\RouteCollection))
#4 C:\wamp64\www\FlexiGuest\system\CodeIgniter.php(320): CodeIgniter\CodeIgniter->handleRequest(NULL, Object(Config\Cache), false)
#5 C:\wamp64\www\FlexiGuest\index.php(37): CodeIgniter\CodeIgniter->run()
#6 {main}
CRITICAL - 2022-02-14 04:29:25 --> scandir(C:\wamp64\www\FlexiGuest\Modules/): The system cannot find the file specified. (code: 2)
#0 [internal function]: CodeIgniter\Debug\Exceptions->errorHandler(2, 'scandir(C:\\wamp...', 'C:\\wamp64\\www\\F...', 9, Array)
#1 C:\wamp64\www\FlexiGuest\app\Config\Routes.php(9): scandir('C:\\wamp64\\www\\F...')
#2 C:\wamp64\www\FlexiGuest\system\CodeIgniter.php(706): require('C:\\wamp64\\www\\F...')
#3 C:\wamp64\www\FlexiGuest\system\CodeIgniter.php(361): CodeIgniter\CodeIgniter->tryToRouteIt(Object(CodeIgniter\Router\RouteCollection))
#4 C:\wamp64\www\FlexiGuest\system\CodeIgniter.php(320): CodeIgniter\CodeIgniter->handleRequest(NULL, Object(Config\Cache), false)
#5 C:\wamp64\www\FlexiGuest\index.php(37): CodeIgniter\CodeIgniter->run()
#6 {main}
CRITICAL - 2022-02-14 04:29:25 --> scandir(C:\wamp64\www\FlexiGuest\Modules/): The system cannot find the file specified. (code: 2)
#0 [internal function]: CodeIgniter\Debug\Exceptions->errorHandler(2, 'scandir(C:\\wamp...', 'C:\\wamp64\\www\\F...', 9, Array)
#1 C:\wamp64\www\FlexiGuest\app\Config\Routes.php(9): scandir('C:\\wamp64\\www\\F...')
#2 C:\wamp64\www\FlexiGuest\system\CodeIgniter.php(706): require('C:\\wamp64\\www\\F...')
#3 C:\wamp64\www\FlexiGuest\system\CodeIgniter.php(361): CodeIgniter\CodeIgniter->tryToRouteIt(Object(CodeIgniter\Router\RouteCollection))
#4 C:\wamp64\www\FlexiGuest\system\CodeIgniter.php(320): CodeIgniter\CodeIgniter->handleRequest(NULL, Object(Config\Cache), false)
#5 C:\wamp64\www\FlexiGuest\index.php(37): CodeIgniter\CodeIgniter->run()
#6 {main}
CRITICAL - 2022-02-14 04:29:25 --> scandir(C:\wamp64\www\FlexiGuest\Modules/): The system cannot find the file specified. (code: 2)
#0 [internal function]: CodeIgniter\Debug\Exceptions->errorHandler(2, 'scandir(C:\\wamp...', 'C:\\wamp64\\www\\F...', 9, Array)
#1 C:\wamp64\www\FlexiGuest\app\Config\Routes.php(9): scandir('C:\\wamp64\\www\\F...')
#2 C:\wamp64\www\FlexiGuest\system\CodeIgniter.php(706): require('C:\\wamp64\\www\\F...')
#3 C:\wamp64\www\FlexiGuest\system\CodeIgniter.php(361): CodeIgniter\CodeIgniter->tryToRouteIt(Object(CodeIgniter\Router\RouteCollection))
#4 C:\wamp64\www\FlexiGuest\system\CodeIgniter.php(320): CodeIgniter\CodeIgniter->handleRequest(NULL, Object(Config\Cache), false)
#5 C:\wamp64\www\FlexiGuest\index.php(37): CodeIgniter\CodeIgniter->run()
#6 {main}
CRITICAL - 2022-02-14 04:29:25 --> scandir(C:\wamp64\www\FlexiGuest\Modules/): The system cannot find the file specified. (code: 2)
#0 [internal function]: CodeIgniter\Debug\Exceptions->errorHandler(2, 'scandir(C:\\wamp...', 'C:\\wamp64\\www\\F...', 9, Array)
#1 C:\wamp64\www\FlexiGuest\app\Config\Routes.php(9): scandir('C:\\wamp64\\www\\F...')
#2 C:\wamp64\www\FlexiGuest\system\CodeIgniter.php(706): require('C:\\wamp64\\www\\F...')
#3 C:\wamp64\www\FlexiGuest\system\CodeIgniter.php(361): CodeIgniter\CodeIgniter->tryToRouteIt(Object(CodeIgniter\Router\RouteCollection))
#4 C:\wamp64\www\FlexiGuest\system\CodeIgniter.php(320): CodeIgniter\CodeIgniter->handleRequest(NULL, Object(Config\Cache), false)
#5 C:\wamp64\www\FlexiGuest\index.php(37): CodeIgniter\CodeIgniter->run()
#6 {main}
CRITICAL - 2022-02-14 04:29:25 --> scandir(C:\wamp64\www\FlexiGuest\Modules/): The system cannot find the file specified. (code: 2)
#0 [internal function]: CodeIgniter\Debug\Exceptions->errorHandler(2, 'scandir(C:\\wamp...', 'C:\\wamp64\\www\\F...', 9, Array)
#1 C:\wamp64\www\FlexiGuest\app\Config\Routes.php(9): scandir('C:\\wamp64\\www\\F...')
#2 C:\wamp64\www\FlexiGuest\system\CodeIgniter.php(706): require('C:\\wamp64\\www\\F...')
#3 C:\wamp64\www\FlexiGuest\system\CodeIgniter.php(361): CodeIgniter\CodeIgniter->tryToRouteIt(Object(CodeIgniter\Router\RouteCollection))
#4 C:\wamp64\www\FlexiGuest\system\CodeIgniter.php(320): CodeIgniter\CodeIgniter->handleRequest(NULL, Object(Config\Cache), false)
#5 C:\wamp64\www\FlexiGuest\index.php(37): CodeIgniter\CodeIgniter->run()
#6 {main}
CRITICAL - 2022-02-14 04:29:25 --> scandir(C:\wamp64\www\FlexiGuest\Modules/): The system cannot find the file specified. (code: 2)
#0 [internal function]: CodeIgniter\Debug\Exceptions->errorHandler(2, 'scandir(C:\\wamp...', 'C:\\wamp64\\www\\F...', 9, Array)
#1 C:\wamp64\www\FlexiGuest\app\Config\Routes.php(9): scandir('C:\\wamp64\\www\\F...')
#2 C:\wamp64\www\FlexiGuest\system\CodeIgniter.php(706): require('C:\\wamp64\\www\\F...')
#3 C:\wamp64\www\FlexiGuest\system\CodeIgniter.php(361): CodeIgniter\CodeIgniter->tryToRouteIt(Object(CodeIgniter\Router\RouteCollection))
#4 C:\wamp64\www\FlexiGuest\system\CodeIgniter.php(320): CodeIgniter\CodeIgniter->handleRequest(NULL, Object(Config\Cache), false)
#5 C:\wamp64\www\FlexiGuest\index.php(37): CodeIgniter\CodeIgniter->run()
#6 {main}
CRITICAL - 2022-02-14 04:29:25 --> scandir(C:\wamp64\www\FlexiGuest\Modules/): The system cannot find the file specified. (code: 2)
#0 [internal function]: CodeIgniter\Debug\Exceptions->errorHandler(2, 'scandir(C:\\wamp...', 'C:\\wamp64\\www\\F...', 9, Array)
#1 C:\wamp64\www\FlexiGuest\app\Config\Routes.php(9): scandir('C:\\wamp64\\www\\F...')
#2 C:\wamp64\www\FlexiGuest\system\CodeIgniter.php(706): require('C:\\wamp64\\www\\F...')
#3 C:\wamp64\www\FlexiGuest\system\CodeIgniter.php(361): CodeIgniter\CodeIgniter->tryToRouteIt(Object(CodeIgniter\Router\RouteCollection))
#4 C:\wamp64\www\FlexiGuest\system\CodeIgniter.php(320): CodeIgniter\CodeIgniter->handleRequest(NULL, Object(Config\Cache), false)
#5 C:\wamp64\www\FlexiGuest\index.php(37): CodeIgniter\CodeIgniter->run()
#6 {main}
CRITICAL - 2022-02-14 04:29:25 --> scandir(C:\wamp64\www\FlexiGuest\Modules/): The system cannot find the file specified. (code: 2)
#0 [internal function]: CodeIgniter\Debug\Exceptions->errorHandler(2, 'scandir(C:\\wamp...', 'C:\\wamp64\\www\\F...', 9, Array)
#1 C:\wamp64\www\FlexiGuest\app\Config\Routes.php(9): scandir('C:\\wamp64\\www\\F...')
#2 C:\wamp64\www\FlexiGuest\system\CodeIgniter.php(706): require('C:\\wamp64\\www\\F...')
#3 C:\wamp64\www\FlexiGuest\system\CodeIgniter.php(361): CodeIgniter\CodeIgniter->tryToRouteIt(Object(CodeIgniter\Router\RouteCollection))
#4 C:\wamp64\www\FlexiGuest\system\CodeIgniter.php(320): CodeIgniter\CodeIgniter->handleRequest(NULL, Object(Config\Cache), false)
#5 C:\wamp64\www\FlexiGuest\index.php(37): CodeIgniter\CodeIgniter->run()
#6 {main}
CRITICAL - 2022-02-14 04:29:25 --> scandir(C:\wamp64\www\FlexiGuest\Modules/): The system cannot find the file specified. (code: 2)
#0 [internal function]: CodeIgniter\Debug\Exceptions->errorHandler(2, 'scandir(C:\\wamp...', 'C:\\wamp64\\www\\F...', 9, Array)
#1 C:\wamp64\www\FlexiGuest\app\Config\Routes.php(9): scandir('C:\\wamp64\\www\\F...')
#2 C:\wamp64\www\FlexiGuest\system\CodeIgniter.php(706): require('C:\\wamp64\\www\\F...')
#3 C:\wamp64\www\FlexiGuest\system\CodeIgniter.php(361): CodeIgniter\CodeIgniter->tryToRouteIt(Object(CodeIgniter\Router\RouteCollection))
#4 C:\wamp64\www\FlexiGuest\system\CodeIgniter.php(320): CodeIgniter\CodeIgniter->handleRequest(NULL, Object(Config\Cache), false)
#5 C:\wamp64\www\FlexiGuest\index.php(37): CodeIgniter\CodeIgniter->run()
#6 {main}
CRITICAL - 2022-02-14 04:29:25 --> scandir(C:\wamp64\www\FlexiGuest\Modules/): The system cannot find the file specified. (code: 2)
#0 [internal function]: CodeIgniter\Debug\Exceptions->errorHandler(2, 'scandir(C:\\wamp...', 'C:\\wamp64\\www\\F...', 9, Array)
#1 C:\wamp64\www\FlexiGuest\app\Config\Routes.php(9): scandir('C:\\wamp64\\www\\F...')
#2 C:\wamp64\www\FlexiGuest\system\CodeIgniter.php(706): require('C:\\wamp64\\www\\F...')
#3 C:\wamp64\www\FlexiGuest\system\CodeIgniter.php(361): CodeIgniter\CodeIgniter->tryToRouteIt(Object(CodeIgniter\Router\RouteCollection))
#4 C:\wamp64\www\FlexiGuest\system\CodeIgniter.php(320): CodeIgniter\CodeIgniter->handleRequest(NULL, Object(Config\Cache), false)
#5 C:\wamp64\www\FlexiGuest\index.php(37): CodeIgniter\CodeIgniter->run()
#6 {main}
CRITICAL - 2022-02-14 04:29:25 --> scandir(C:\wamp64\www\FlexiGuest\Modules/): The system cannot find the file specified. (code: 2)
#0 [internal function]: CodeIgniter\Debug\Exceptions->errorHandler(2, 'scandir(C:\\wamp...', 'C:\\wamp64\\www\\F...', 9, Array)
#1 C:\wamp64\www\FlexiGuest\app\Config\Routes.php(9): scandir('C:\\wamp64\\www\\F...')
#2 C:\wamp64\www\FlexiGuest\system\CodeIgniter.php(706): require('C:\\wamp64\\www\\F...')
#3 C:\wamp64\www\FlexiGuest\system\CodeIgniter.php(361): CodeIgniter\CodeIgniter->tryToRouteIt(Object(CodeIgniter\Router\RouteCollection))
#4 C:\wamp64\www\FlexiGuest\system\CodeIgniter.php(320): CodeIgniter\CodeIgniter->handleRequest(NULL, Object(Config\Cache), false)
#5 C:\wamp64\www\FlexiGuest\index.php(37): CodeIgniter\CodeIgniter->run()
#6 {main}
CRITICAL - 2022-02-14 04:29:33 --> scandir(C:\wamp64\www\FlexiGuest\Modules/): The system cannot find the file specified. (code: 2)
#0 [internal function]: CodeIgniter\Debug\Exceptions->errorHandler(2, 'scandir(C:\\wamp...', 'C:\\wamp64\\www\\F...', 9, Array)
#1 C:\wamp64\www\FlexiGuest\app\Config\Routes.php(9): scandir('C:\\wamp64\\www\\F...')
#2 C:\wamp64\www\FlexiGuest\system\CodeIgniter.php(706): require('C:\\wamp64\\www\\F...')
#3 C:\wamp64\www\FlexiGuest\system\CodeIgniter.php(361): CodeIgniter\CodeIgniter->tryToRouteIt(Object(CodeIgniter\Router\RouteCollection))
#4 C:\wamp64\www\FlexiGuest\system\CodeIgniter.php(320): CodeIgniter\CodeIgniter->handleRequest(NULL, Object(Config\Cache), false)
#5 C:\wamp64\www\FlexiGuest\index.php(37): CodeIgniter\CodeIgniter->run()
#6 {main}
CRITICAL - 2022-02-14 04:29:33 --> scandir(C:\wamp64\www\FlexiGuest\Modules/): The system cannot find the file specified. (code: 2)
#0 [internal function]: CodeIgniter\Debug\Exceptions->errorHandler(2, 'scandir(C:\\wamp...', 'C:\\wamp64\\www\\F...', 9, Array)
#1 C:\wamp64\www\FlexiGuest\app\Config\Routes.php(9): scandir('C:\\wamp64\\www\\F...')
#2 C:\wamp64\www\FlexiGuest\system\CodeIgniter.php(706): require('C:\\wamp64\\www\\F...')
#3 C:\wamp64\www\FlexiGuest\system\CodeIgniter.php(361): CodeIgniter\CodeIgniter->tryToRouteIt(Object(CodeIgniter\Router\RouteCollection))
#4 C:\wamp64\www\FlexiGuest\system\CodeIgniter.php(320): CodeIgniter\CodeIgniter->handleRequest(NULL, Object(Config\Cache), false)
#5 C:\wamp64\www\FlexiGuest\index.php(37): CodeIgniter\CodeIgniter->run()
#6 {main}
CRITICAL - 2022-02-14 04:29:33 --> scandir(C:\wamp64\www\FlexiGuest\Modules/): The system cannot find the file specified. (code: 2)
#0 [internal function]: CodeIgniter\Debug\Exceptions->errorHandler(2, 'scandir(C:\\wamp...', 'C:\\wamp64\\www\\F...', 9, Array)
#1 C:\wamp64\www\FlexiGuest\app\Config\Routes.php(9): scandir('C:\\wamp64\\www\\F...')
#2 C:\wamp64\www\FlexiGuest\system\CodeIgniter.php(706): require('C:\\wamp64\\www\\F...')
#3 C:\wamp64\www\FlexiGuest\system\CodeIgniter.php(361): CodeIgniter\CodeIgniter->tryToRouteIt(Object(CodeIgniter\Router\RouteCollection))
#4 C:\wamp64\www\FlexiGuest\system\CodeIgniter.php(320): CodeIgniter\CodeIgniter->handleRequest(NULL, Object(Config\Cache), false)
#5 C:\wamp64\www\FlexiGuest\index.php(37): CodeIgniter\CodeIgniter->run()
#6 {main}
CRITICAL - 2022-02-14 04:29:33 --> scandir(C:\wamp64\www\FlexiGuest\Modules/): The system cannot find the file specified. (code: 2)
#0 [internal function]: CodeIgniter\Debug\Exceptions->errorHandler(2, 'scandir(C:\\wamp...', 'C:\\wamp64\\www\\F...', 9, Array)
#1 C:\wamp64\www\FlexiGuest\app\Config\Routes.php(9): scandir('C:\\wamp64\\www\\F...')
#2 C:\wamp64\www\FlexiGuest\system\CodeIgniter.php(706): require('C:\\wamp64\\www\\F...')
#3 C:\wamp64\www\FlexiGuest\system\CodeIgniter.php(361): CodeIgniter\CodeIgniter->tryToRouteIt(Object(CodeIgniter\Router\RouteCollection))
#4 C:\wamp64\www\FlexiGuest\system\CodeIgniter.php(320): CodeIgniter\CodeIgniter->handleRequest(NULL, Object(Config\Cache), false)
#5 C:\wamp64\www\FlexiGuest\index.php(37): CodeIgniter\CodeIgniter->run()
#6 {main}
CRITICAL - 2022-02-14 04:29:33 --> scandir(C:\wamp64\www\FlexiGuest\Modules/): The system cannot find the file specified. (code: 2)
#0 [internal function]: CodeIgniter\Debug\Exceptions->errorHandler(2, 'scandir(C:\\wamp...', 'C:\\wamp64\\www\\F...', 9, Array)
#1 C:\wamp64\www\FlexiGuest\app\Config\Routes.php(9): scandir('C:\\wamp64\\www\\F...')
#2 C:\wamp64\www\FlexiGuest\system\CodeIgniter.php(706): require('C:\\wamp64\\www\\F...')
#3 C:\wamp64\www\FlexiGuest\system\CodeIgniter.php(361): CodeIgniter\CodeIgniter->tryToRouteIt(Object(CodeIgniter\Router\RouteCollection))
#4 C:\wamp64\www\FlexiGuest\system\CodeIgniter.php(320): CodeIgniter\CodeIgniter->handleRequest(NULL, Object(Config\Cache), false)
#5 C:\wamp64\www\FlexiGuest\index.php(37): CodeIgniter\CodeIgniter->run()
#6 {main}
CRITICAL - 2022-02-14 04:29:40 --> scandir(C:\wamp64\www\FlexiGuest\Modules/): The system cannot find the file specified. (code: 2)
#0 [internal function]: CodeIgniter\Debug\Exceptions->errorHandler(2, 'scandir(C:\\wamp...', 'C:\\wamp64\\www\\F...', 9, Array)
#1 C:\wamp64\www\FlexiGuest\app\Config\Routes.php(9): scandir('C:\\wamp64\\www\\F...')
#2 C:\wamp64\www\FlexiGuest\system\CodeIgniter.php(706): require('C:\\wamp64\\www\\F...')
#3 C:\wamp64\www\FlexiGuest\system\CodeIgniter.php(361): CodeIgniter\CodeIgniter->tryToRouteIt(Object(CodeIgniter\Router\RouteCollection))
#4 C:\wamp64\www\FlexiGuest\system\CodeIgniter.php(320): CodeIgniter\CodeIgniter->handleRequest(NULL, Object(Config\Cache), false)
#5 C:\wamp64\www\FlexiGuest\index.php(37): CodeIgniter\CodeIgniter->run()
#6 {main}
CRITICAL - 2022-02-14 04:30:26 --> scandir(): Directory name cannot be empty
#0 [internal function]: CodeIgniter\Debug\Exceptions->errorHandler(2, 'scandir(): Dire...', 'C:\\wamp64\\www\\F...', 9, Array)
#1 C:\wamp64\www\FlexiGuest\app\Config\Routes.php(9): scandir('')
#2 C:\wamp64\www\FlexiGuest\system\CodeIgniter.php(706): require('C:\\wamp64\\www\\F...')
#3 C:\wamp64\www\FlexiGuest\system\CodeIgniter.php(361): CodeIgniter\CodeIgniter->tryToRouteIt(Object(CodeIgniter\Router\RouteCollection))
#4 C:\wamp64\www\FlexiGuest\system\CodeIgniter.php(320): CodeIgniter\CodeIgniter->handleRequest(NULL, Object(Config\Cache), false)
#5 C:\wamp64\www\FlexiGuest\index.php(37): CodeIgniter\CodeIgniter->run()
#6 {main}
CRITICAL - 2022-02-14 05:08:04 --> scandir(C:\wamp64\www\FlexiGuest\Modules/): The system cannot find the file specified. (code: 2)
#0 [internal function]: CodeIgniter\Debug\Exceptions->errorHandler(2, 'scandir(C:\\wamp...', 'C:\\wamp64\\www\\F...', 9, Array)
#1 C:\wamp64\www\FlexiGuest\app\Config\Routes.php(9): scandir('C:\\wamp64\\www\\F...')
#2 C:\wamp64\www\FlexiGuest\system\CodeIgniter.php(706): require('C:\\wamp64\\www\\F...')
#3 C:\wamp64\www\FlexiGuest\system\CodeIgniter.php(361): CodeIgniter\CodeIgniter->tryToRouteIt(Object(CodeIgniter\Router\RouteCollection))
#4 C:\wamp64\www\FlexiGuest\system\CodeIgniter.php(320): CodeIgniter\CodeIgniter->handleRequest(NULL, Object(Config\Cache), false)
#5 C:\wamp64\www\FlexiGuest\index.php(37): CodeIgniter\CodeIgniter->run()
#6 {main}
CRITICAL - 2022-02-14 05:08:05 --> scandir(C:\wamp64\www\FlexiGuest\Modules/): The system cannot find the file specified. (code: 2)
#0 [internal function]: CodeIgniter\Debug\Exceptions->errorHandler(2, 'scandir(C:\\wamp...', 'C:\\wamp64\\www\\F...', 9, Array)
#1 C:\wamp64\www\FlexiGuest\app\Config\Routes.php(9): scandir('C:\\wamp64\\www\\F...')
#2 C:\wamp64\www\FlexiGuest\system\CodeIgniter.php(706): require('C:\\wamp64\\www\\F...')
#3 C:\wamp64\www\FlexiGuest\system\CodeIgniter.php(361): CodeIgniter\CodeIgniter->tryToRouteIt(Object(CodeIgniter\Router\RouteCollection))
#4 C:\wamp64\www\FlexiGuest\system\CodeIgniter.php(320): CodeIgniter\CodeIgniter->handleRequest(NULL, Object(Config\Cache), false)
#5 C:\wamp64\www\FlexiGuest\index.php(37): CodeIgniter\CodeIgniter->run()
#6 {main}
CRITICAL - 2022-02-14 05:08:05 --> scandir(C:\wamp64\www\FlexiGuest\Modules/): The system cannot find the file specified. (code: 2)
#0 [internal function]: CodeIgniter\Debug\Exceptions->errorHandler(2, 'scandir(C:\\wamp...', 'C:\\wamp64\\www\\F...', 9, Array)
#1 C:\wamp64\www\FlexiGuest\app\Config\Routes.php(9): scandir('C:\\wamp64\\www\\F...')
#2 C:\wamp64\www\FlexiGuest\system\CodeIgniter.php(706): require('C:\\wamp64\\www\\F...')
#3 C:\wamp64\www\FlexiGuest\system\CodeIgniter.php(361): CodeIgniter\CodeIgniter->tryToRouteIt(Object(CodeIgniter\Router\RouteCollection))
#4 C:\wamp64\www\FlexiGuest\system\CodeIgniter.php(320): CodeIgniter\CodeIgniter->handleRequest(NULL, Object(Config\Cache), false)
#5 C:\wamp64\www\FlexiGuest\index.php(37): CodeIgniter\CodeIgniter->run()
#6 {main}
CRITICAL - 2022-02-14 05:08:05 --> scandir(C:\wamp64\www\FlexiGuest\Modules/): The system cannot find the file specified. (code: 2)
#0 [internal function]: CodeIgniter\Debug\Exceptions->errorHandler(2, 'scandir(C:\\wamp...', 'C:\\wamp64\\www\\F...', 9, Array)
#1 C:\wamp64\www\FlexiGuest\app\Config\Routes.php(9): scandir('C:\\wamp64\\www\\F...')
#2 C:\wamp64\www\FlexiGuest\system\CodeIgniter.php(706): require('C:\\wamp64\\www\\F...')
#3 C:\wamp64\www\FlexiGuest\system\CodeIgniter.php(361): CodeIgniter\CodeIgniter->tryToRouteIt(Object(CodeIgniter\Router\RouteCollection))
#4 C:\wamp64\www\FlexiGuest\system\CodeIgniter.php(320): CodeIgniter\CodeIgniter->handleRequest(NULL, Object(Config\Cache), false)
#5 C:\wamp64\www\FlexiGuest\index.php(37): CodeIgniter\CodeIgniter->run()
#6 {main}
CRITICAL - 2022-02-14 05:08:06 --> scandir(C:\wamp64\www\FlexiGuest\Modules/): The system cannot find the file specified. (code: 2)
#0 [internal function]: CodeIgniter\Debug\Exceptions->errorHandler(2, 'scandir(C:\\wamp...', 'C:\\wamp64\\www\\F...', 9, Array)
#1 C:\wamp64\www\FlexiGuest\app\Config\Routes.php(9): scandir('C:\\wamp64\\www\\F...')
#2 C:\wamp64\www\FlexiGuest\system\CodeIgniter.php(706): require('C:\\wamp64\\www\\F...')
#3 C:\wamp64\www\FlexiGuest\system\CodeIgniter.php(361): CodeIgniter\CodeIgniter->tryToRouteIt(Object(CodeIgniter\Router\RouteCollection))
#4 C:\wamp64\www\FlexiGuest\system\CodeIgniter.php(320): CodeIgniter\CodeIgniter->handleRequest(NULL, Object(Config\Cache), false)
#5 C:\wamp64\www\FlexiGuest\index.php(37): CodeIgniter\CodeIgniter->run()
#6 {main}
CRITICAL - 2022-02-14 05:08:06 --> scandir(C:\wamp64\www\FlexiGuest\Modules/): The system cannot find the file specified. (code: 2)
#0 [internal function]: CodeIgniter\Debug\Exceptions->errorHandler(2, 'scandir(C:\\wamp...', 'C:\\wamp64\\www\\F...', 9, Array)
#1 C:\wamp64\www\FlexiGuest\app\Config\Routes.php(9): scandir('C:\\wamp64\\www\\F...')
#2 C:\wamp64\www\FlexiGuest\system\CodeIgniter.php(706): require('C:\\wamp64\\www\\F...')
#3 C:\wamp64\www\FlexiGuest\system\CodeIgniter.php(361): CodeIgniter\CodeIgniter->tryToRouteIt(Object(CodeIgniter\Router\RouteCollection))
#4 C:\wamp64\www\FlexiGuest\system\CodeIgniter.php(320): CodeIgniter\CodeIgniter->handleRequest(NULL, Object(Config\Cache), false)
#5 C:\wamp64\www\FlexiGuest\index.php(37): CodeIgniter\CodeIgniter->run()
#6 {main}
CRITICAL - 2022-02-14 05:08:48 --> scandir(C:\wamp64\www\FlexiGuest\Modules/): The system cannot find the file specified. (code: 2)
#0 [internal function]: CodeIgniter\Debug\Exceptions->errorHandler(2, 'scandir(C:\\wamp...', 'C:\\wamp64\\www\\F...', 9, Array)
#1 C:\wamp64\www\FlexiGuest\app\Config\Routes.php(9): scandir('C:\\wamp64\\www\\F...')
#2 C:\wamp64\www\FlexiGuest\system\CodeIgniter.php(706): require('C:\\wamp64\\www\\F...')
#3 C:\wamp64\www\FlexiGuest\system\CodeIgniter.php(361): CodeIgniter\CodeIgniter->tryToRouteIt(Object(CodeIgniter\Router\RouteCollection))
#4 C:\wamp64\www\FlexiGuest\system\CodeIgniter.php(320): CodeIgniter\CodeIgniter->handleRequest(NULL, Object(Config\Cache), false)
#5 C:\wamp64\www\FlexiGuest\index.php(37): CodeIgniter\CodeIgniter->run()
#6 {main}
CRITICAL - 2022-02-14 05:08:49 --> scandir(C:\wamp64\www\FlexiGuest\Modules/): The system cannot find the file specified. (code: 2)
#0 [internal function]: CodeIgniter\Debug\Exceptions->errorHandler(2, 'scandir(C:\\wamp...', 'C:\\wamp64\\www\\F...', 9, Array)
#1 C:\wamp64\www\FlexiGuest\app\Config\Routes.php(9): scandir('C:\\wamp64\\www\\F...')
#2 C:\wamp64\www\FlexiGuest\system\CodeIgniter.php(706): require('C:\\wamp64\\www\\F...')
#3 C:\wamp64\www\FlexiGuest\system\CodeIgniter.php(361): CodeIgniter\CodeIgniter->tryToRouteIt(Object(CodeIgniter\Router\RouteCollection))
#4 C:\wamp64\www\FlexiGuest\system\CodeIgniter.php(320): CodeIgniter\CodeIgniter->handleRequest(NULL, Object(Config\Cache), false)
#5 C:\wamp64\www\FlexiGuest\index.php(37): CodeIgniter\CodeIgniter->run()
#6 {main}
CRITICAL - 2022-02-14 05:08:49 --> scandir(C:\wamp64\www\FlexiGuest\Modules/): The system cannot find the file specified. (code: 2)
#0 [internal function]: CodeIgniter\Debug\Exceptions->errorHandler(2, 'scandir(C:\\wamp...', 'C:\\wamp64\\www\\F...', 9, Array)
#1 C:\wamp64\www\FlexiGuest\app\Config\Routes.php(9): scandir('C:\\wamp64\\www\\F...')
#2 C:\wamp64\www\FlexiGuest\system\CodeIgniter.php(706): require('C:\\wamp64\\www\\F...')
#3 C:\wamp64\www\FlexiGuest\system\CodeIgniter.php(361): CodeIgniter\CodeIgniter->tryToRouteIt(Object(CodeIgniter\Router\RouteCollection))
#4 C:\wamp64\www\FlexiGuest\system\CodeIgniter.php(320): CodeIgniter\CodeIgniter->handleRequest(NULL, Object(Config\Cache), false)
#5 C:\wamp64\www\FlexiGuest\index.php(37): CodeIgniter\CodeIgniter->run()
#6 {main}
CRITICAL - 2022-02-14 05:16:28 --> require(C:\wamp64\www\FlexiGuest\system\Config/Routes1.php): failed to open stream: No such file or directory
#0 C:\wamp64\www\FlexiGuest\app\Config\Routes.php(16): CodeIgniter\Debug\Exceptions->errorHandler(2, 'require(C:\\wamp...', 'C:\\wamp64\\www\\F...', 16, Array)
#1 C:\wamp64\www\FlexiGuest\app\Config\Routes.php(16): require()
#2 C:\wamp64\www\FlexiGuest\system\CodeIgniter.php(706): require('C:\\wamp64\\www\\F...')
#3 C:\wamp64\www\FlexiGuest\system\CodeIgniter.php(361): CodeIgniter\CodeIgniter->tryToRouteIt(Object(CodeIgniter\Router\RouteCollection))
#4 C:\wamp64\www\FlexiGuest\system\CodeIgniter.php(320): CodeIgniter\CodeIgniter->handleRequest(NULL, Object(Config\Cache), false)
#5 C:\wamp64\www\FlexiGuest\index.php(37): CodeIgniter\CodeIgniter->run()
#6 {main}
CRITICAL - 2022-02-14 05:16:46 --> require(C:\wamp64\www\FlexiGuest\system\Config/Routes1.php): failed to open stream: No such file or directory
#0 C:\wamp64\www\FlexiGuest\app\Config\Routes.php(16): CodeIgniter\Debug\Exceptions->errorHandler(2, 'require(C:\\wamp...', 'C:\\wamp64\\www\\F...', 16, Array)
#1 C:\wamp64\www\FlexiGuest\app\Config\Routes.php(16): require()
#2 C:\wamp64\www\FlexiGuest\system\CodeIgniter.php(706): require('C:\\wamp64\\www\\F...')
#3 C:\wamp64\www\FlexiGuest\system\CodeIgniter.php(361): CodeIgniter\CodeIgniter->tryToRouteIt(Object(CodeIgniter\Router\RouteCollection))
#4 C:\wamp64\www\FlexiGuest\system\CodeIgniter.php(320): CodeIgniter\CodeIgniter->handleRequest(NULL, Object(Config\Cache), false)
#5 C:\wamp64\www\FlexiGuest\index.php(37): CodeIgniter\CodeIgniter->run()
#6 {main}
CRITICAL - 2022-02-14 05:16:47 --> require(C:\wamp64\www\FlexiGuest\system\Config/Routes1.php): failed to open stream: No such file or directory
#0 C:\wamp64\www\FlexiGuest\app\Config\Routes.php(16): CodeIgniter\Debug\Exceptions->errorHandler(2, 'require(C:\\wamp...', 'C:\\wamp64\\www\\F...', 16, Array)
#1 C:\wamp64\www\FlexiGuest\app\Config\Routes.php(16): require()
#2 C:\wamp64\www\FlexiGuest\system\CodeIgniter.php(706): require('C:\\wamp64\\www\\F...')
#3 C:\wamp64\www\FlexiGuest\system\CodeIgniter.php(361): CodeIgniter\CodeIgniter->tryToRouteIt(Object(CodeIgniter\Router\RouteCollection))
#4 C:\wamp64\www\FlexiGuest\system\CodeIgniter.php(320): CodeIgniter\CodeIgniter->handleRequest(NULL, Object(Config\Cache), false)
#5 C:\wamp64\www\FlexiGuest\index.php(37): CodeIgniter\CodeIgniter->run()
#6 {main}
CRITICAL - 2022-02-14 05:17:00 --> require(C:\wamp64\www\FlexiGuest\system\Config/Routes1.php): failed to open stream: No such file or directory
#0 C:\wamp64\www\FlexiGuest\app\Config\Routes.php(16): CodeIgniter\Debug\Exceptions->errorHandler(2, 'require(C:\\wamp...', 'C:\\wamp64\\www\\F...', 16, Array)
#1 C:\wamp64\www\FlexiGuest\app\Config\Routes.php(16): require()
#2 C:\wamp64\www\FlexiGuest\system\CodeIgniter.php(706): require('C:\\wamp64\\www\\F...')
#3 C:\wamp64\www\FlexiGuest\system\CodeIgniter.php(361): CodeIgniter\CodeIgniter->tryToRouteIt(Object(CodeIgniter\Router\RouteCollection))
#4 C:\wamp64\www\FlexiGuest\system\CodeIgniter.php(320): CodeIgniter\CodeIgniter->handleRequest(NULL, Object(Config\Cache), false)
#5 C:\wamp64\www\FlexiGuest\index.php(37): CodeIgniter\CodeIgniter->run()
#6 {main}
CRITICAL - 2022-02-14 05:17:01 --> require(C:\wamp64\www\FlexiGuest\system\Config/Routes1.php): failed to open stream: No such file or directory
#0 C:\wamp64\www\FlexiGuest\app\Config\Routes.php(16): CodeIgniter\Debug\Exceptions->errorHandler(2, 'require(C:\\wamp...', 'C:\\wamp64\\www\\F...', 16, Array)
#1 C:\wamp64\www\FlexiGuest\app\Config\Routes.php(16): require()
#2 C:\wamp64\www\FlexiGuest\system\CodeIgniter.php(706): require('C:\\wamp64\\www\\F...')
#3 C:\wamp64\www\FlexiGuest\system\CodeIgniter.php(361): CodeIgniter\CodeIgniter->tryToRouteIt(Object(CodeIgniter\Router\RouteCollection))
#4 C:\wamp64\www\FlexiGuest\system\CodeIgniter.php(320): CodeIgniter\CodeIgniter->handleRequest(NULL, Object(Config\Cache), false)
#5 C:\wamp64\www\FlexiGuest\index.php(37): CodeIgniter\CodeIgniter->run()
#6 {main}
CRITICAL - 2022-02-14 05:17:01 --> require(C:\wamp64\www\FlexiGuest\system\Config/Routes1.php): failed to open stream: No such file or directory
#0 C:\wamp64\www\FlexiGuest\app\Config\Routes.php(16): CodeIgniter\Debug\Exceptions->errorHandler(2, 'require(C:\\wamp...', 'C:\\wamp64\\www\\F...', 16, Array)
#1 C:\wamp64\www\FlexiGuest\app\Config\Routes.php(16): require()
#2 C:\wamp64\www\FlexiGuest\system\CodeIgniter.php(706): require('C:\\wamp64\\www\\F...')
#3 C:\wamp64\www\FlexiGuest\system\CodeIgniter.php(361): CodeIgniter\CodeIgniter->tryToRouteIt(Object(CodeIgniter\Router\RouteCollection))
#4 C:\wamp64\www\FlexiGuest\system\CodeIgniter.php(320): CodeIgniter\CodeIgniter->handleRequest(NULL, Object(Config\Cache), false)
#5 C:\wamp64\www\FlexiGuest\index.php(37): CodeIgniter\CodeIgniter->run()
#6 {main}
CRITICAL - 2022-02-14 05:17:02 --> require(C:\wamp64\www\FlexiGuest\system\Config/Routes1.php): failed to open stream: No such file or directory
#0 C:\wamp64\www\FlexiGuest\app\Config\Routes.php(16): CodeIgniter\Debug\Exceptions->errorHandler(2, 'require(C:\\wamp...', 'C:\\wamp64\\www\\F...', 16, Array)
#1 C:\wamp64\www\FlexiGuest\app\Config\Routes.php(16): require()
#2 C:\wamp64\www\FlexiGuest\system\CodeIgniter.php(706): require('C:\\wamp64\\www\\F...')
#3 C:\wamp64\www\FlexiGuest\system\CodeIgniter.php(361): CodeIgniter\CodeIgniter->tryToRouteIt(Object(CodeIgniter\Router\RouteCollection))
#4 C:\wamp64\www\FlexiGuest\system\CodeIgniter.php(320): CodeIgniter\CodeIgniter->handleRequest(NULL, Object(Config\Cache), false)
#5 C:\wamp64\www\FlexiGuest\index.php(37): CodeIgniter\CodeIgniter->run()
#6 {main}
CRITICAL - 2022-02-14 05:17:02 --> require(C:\wamp64\www\FlexiGuest\system\Config/Routes1.php): failed to open stream: No such file or directory
#0 C:\wamp64\www\FlexiGuest\app\Config\Routes.php(16): CodeIgniter\Debug\Exceptions->errorHandler(2, 'require(C:\\wamp...', 'C:\\wamp64\\www\\F...', 16, Array)
#1 C:\wamp64\www\FlexiGuest\app\Config\Routes.php(16): require()
#2 C:\wamp64\www\FlexiGuest\system\CodeIgniter.php(706): require('C:\\wamp64\\www\\F...')
#3 C:\wamp64\www\FlexiGuest\system\CodeIgniter.php(361): CodeIgniter\CodeIgniter->tryToRouteIt(Object(CodeIgniter\Router\RouteCollection))
#4 C:\wamp64\www\FlexiGuest\system\CodeIgniter.php(320): CodeIgniter\CodeIgniter->handleRequest(NULL, Object(Config\Cache), false)
#5 C:\wamp64\www\FlexiGuest\index.php(37): CodeIgniter\CodeIgniter->run()
#6 {main}
CRITICAL - 2022-02-14 05:19:52 --> require(C:\wamp64\www\FlexiGuest\system\Config/Routes1.php): failed to open stream: No such file or directory
#0 C:\wamp64\www\FlexiGuest\app\Config\Routes.php(16): CodeIgniter\Debug\Exceptions->errorHandler(2, 'require(C:\\wamp...', 'C:\\wamp64\\www\\F...', 16, Array)
#1 C:\wamp64\www\FlexiGuest\app\Config\Routes.php(16): require()
#2 C:\wamp64\www\FlexiGuest\system\CodeIgniter.php(706): require('C:\\wamp64\\www\\F...')
#3 C:\wamp64\www\FlexiGuest\system\CodeIgniter.php(361): CodeIgniter\CodeIgniter->tryToRouteIt(Object(CodeIgniter\Router\RouteCollection))
#4 C:\wamp64\www\FlexiGuest\system\CodeIgniter.php(320): CodeIgniter\CodeIgniter->handleRequest(NULL, Object(Config\Cache), false)
#5 C:\wamp64\www\FlexiGuest\index.php(37): CodeIgniter\CodeIgniter->run()
#6 {main}
CRITICAL - 2022-02-14 05:21:34 --> require(C:\wamp64\www\FlexiGuest\system\Config/Routes1.php): failed to open stream: No such file or directory
#0 C:\wamp64\www\FlexiGuest\app\Config\Routes.php(16): CodeIgniter\Debug\Exceptions->errorHandler(2, 'require(C:\\wamp...', 'C:\\wamp64\\www\\F...', 16, Array)
#1 C:\wamp64\www\FlexiGuest\app\Config\Routes.php(16): require()
#2 C:\wamp64\www\FlexiGuest\system\Router\RouteCollection.php(354): include('C:\\wamp64\\www\\F...')
#3 C:\wamp64\www\FlexiGuest\system\Router\RouteCollection.php(426): CodeIgniter\Router\RouteCollection->discoverRoutes()
#4 C:\wamp64\www\FlexiGuest\system\Router\Router.php(351): CodeIgniter\Router\RouteCollection->getRoutes('get')
#5 C:\wamp64\www\FlexiGuest\system\Router\Router.php(154): CodeIgniter\Router\Router->checkRoutes('/')
#6 C:\wamp64\www\FlexiGuest\system\CodeIgniter.php(719): CodeIgniter\Router\Router->handle('/')
#7 C:\wamp64\www\FlexiGuest\system\CodeIgniter.php(361): CodeIgniter\CodeIgniter->tryToRouteIt(Object(CodeIgniter\Router\RouteCollection))
#8 C:\wamp64\www\FlexiGuest\system\CodeIgniter.php(320): CodeIgniter\CodeIgniter->handleRequest(NULL, Object(Config\Cache), false)
#9 C:\wamp64\www\FlexiGuest\index.php(37): CodeIgniter\CodeIgniter->run()
#10 {main}
CRITICAL - 2022-02-14 05:22:08 --> require(C:\wamp64\www\FlexiGuest\system\Config/Routes1.php): failed to open stream: No such file or directory
#0 C:\wamp64\www\FlexiGuest\app\Config\Routes.php(16): CodeIgniter\Debug\Exceptions->errorHandler(2, 'require(C:\\wamp...', 'C:\\wamp64\\www\\F...', 16, Array)
#1 C:\wamp64\www\FlexiGuest\app\Config\Routes.php(16): require()
#2 C:\wamp64\www\FlexiGuest\system\Router\RouteCollection.php(354): include('C:\\wamp64\\www\\F...')
#3 C:\wamp64\www\FlexiGuest\system\Router\RouteCollection.php(426): CodeIgniter\Router\RouteCollection->discoverRoutes()
#4 C:\wamp64\www\FlexiGuest\system\Router\Router.php(351): CodeIgniter\Router\RouteCollection->getRoutes('get')
#5 C:\wamp64\www\FlexiGuest\system\Router\Router.php(154): CodeIgniter\Router\Router->checkRoutes('/')
#6 C:\wamp64\www\FlexiGuest\system\CodeIgniter.php(719): CodeIgniter\Router\Router->handle('/')
#7 C:\wamp64\www\FlexiGuest\system\CodeIgniter.php(361): CodeIgniter\CodeIgniter->tryToRouteIt(Object(CodeIgniter\Router\RouteCollection))
#8 C:\wamp64\www\FlexiGuest\system\CodeIgniter.php(320): CodeIgniter\CodeIgniter->handleRequest(NULL, Object(Config\Cache), false)
#9 C:\wamp64\www\FlexiGuest\index.php(37): CodeIgniter\CodeIgniter->run()
#10 {main}
CRITICAL - 2022-02-14 05:22:09 --> require(C:\wamp64\www\FlexiGuest\system\Config/Routes1.php): failed to open stream: No such file or directory
#0 C:\wamp64\www\FlexiGuest\app\Config\Routes.php(16): CodeIgniter\Debug\Exceptions->errorHandler(2, 'require(C:\\wamp...', 'C:\\wamp64\\www\\F...', 16, Array)
#1 C:\wamp64\www\FlexiGuest\app\Config\Routes.php(16): require()
#2 C:\wamp64\www\FlexiGuest\system\Router\RouteCollection.php(354): include('C:\\wamp64\\www\\F...')
#3 C:\wamp64\www\FlexiGuest\system\Router\RouteCollection.php(426): CodeIgniter\Router\RouteCollection->discoverRoutes()
#4 C:\wamp64\www\FlexiGuest\system\Router\Router.php(351): CodeIgniter\Router\RouteCollection->getRoutes('get')
#5 C:\wamp64\www\FlexiGuest\system\Router\Router.php(154): CodeIgniter\Router\Router->checkRoutes('/')
#6 C:\wamp64\www\FlexiGuest\system\CodeIgniter.php(719): CodeIgniter\Router\Router->handle('/')
#7 C:\wamp64\www\FlexiGuest\system\CodeIgniter.php(361): CodeIgniter\CodeIgniter->tryToRouteIt(Object(CodeIgniter\Router\RouteCollection))
#8 C:\wamp64\www\FlexiGuest\system\CodeIgniter.php(320): CodeIgniter\CodeIgniter->handleRequest(NULL, Object(Config\Cache), false)
#9 C:\wamp64\www\FlexiGuest\index.php(37): CodeIgniter\CodeIgniter->run()
#10 {main}
CRITICAL - 2022-02-14 05:22:35 --> require(C:\wamp64\www\FlexiGuest\system\Config/Routes1.php): failed to open stream: No such file or directory
#0 C:\wamp64\www\FlexiGuest\app\Config\Routes.php(16): CodeIgniter\Debug\Exceptions->errorHandler(2, 'require(C:\\wamp...', 'C:\\wamp64\\www\\F...', 16, Array)
#1 C:\wamp64\www\FlexiGuest\app\Config\Routes.php(16): require()
#2 C:\wamp64\www\FlexiGuest\system\Router\RouteCollection.php(354): include('C:\\wamp64\\www\\F...')
#3 C:\wamp64\www\FlexiGuest\system\Router\RouteCollection.php(426): CodeIgniter\Router\RouteCollection->discoverRoutes()
#4 C:\wamp64\www\FlexiGuest\system\Router\Router.php(351): CodeIgniter\Router\RouteCollection->getRoutes('get')
#5 C:\wamp64\www\FlexiGuest\system\Router\Router.php(154): CodeIgniter\Router\Router->checkRoutes('/')
#6 C:\wamp64\www\FlexiGuest\system\CodeIgniter.php(719): CodeIgniter\Router\Router->handle('/')
#7 C:\wamp64\www\FlexiGuest\system\CodeIgniter.php(361): CodeIgniter\CodeIgniter->tryToRouteIt(Object(CodeIgniter\Router\RouteCollection))
#8 C:\wamp64\www\FlexiGuest\system\CodeIgniter.php(320): CodeIgniter\CodeIgniter->handleRequest(NULL, Object(Config\Cache), false)
#9 C:\wamp64\www\FlexiGuest\index.php(37): CodeIgniter\CodeIgniter->run()
#10 {main}
CRITICAL - 2022-02-14 05:23:11 --> require(C:\wamp64\www\FlexiGuest\system\Config/Routes1.php): failed to open stream: No such file or directory
#0 C:\wamp64\www\FlexiGuest\app\Config\Routes.php(16): CodeIgniter\Debug\Exceptions->errorHandler(2, 'require(C:\\wamp...', 'C:\\wamp64\\www\\F...', 16, Array)
#1 C:\wamp64\www\FlexiGuest\app\Config\Routes.php(16): require()
#2 C:\wamp64\www\FlexiGuest\system\Router\RouteCollection.php(354): include('C:\\wamp64\\www\\F...')
#3 C:\wamp64\www\FlexiGuest\system\Router\RouteCollection.php(426): CodeIgniter\Router\RouteCollection->discoverRoutes()
#4 C:\wamp64\www\FlexiGuest\system\Router\Router.php(351): CodeIgniter\Router\RouteCollection->getRoutes('get')
#5 C:\wamp64\www\FlexiGuest\system\Router\Router.php(154): CodeIgniter\Router\Router->checkRoutes('/')
#6 C:\wamp64\www\FlexiGuest\system\CodeIgniter.php(719): CodeIgniter\Router\Router->handle('/')
#7 C:\wamp64\www\FlexiGuest\system\CodeIgniter.php(361): CodeIgniter\CodeIgniter->tryToRouteIt(Object(CodeIgniter\Router\RouteCollection))
#8 C:\wamp64\www\FlexiGuest\system\CodeIgniter.php(320): CodeIgniter\CodeIgniter->handleRequest(NULL, Object(Config\Cache), false)
#9 C:\wamp64\www\FlexiGuest\index.php(37): CodeIgniter\CodeIgniter->run()
#10 {main}
CRITICAL - 2022-02-14 05:23:54 --> require(C:\wamp64\www\FlexiGuest\system\Config/Routes1.php): failed to open stream: No such file or directory
#0 C:\wamp64\www\FlexiGuest\app\Config\Routes.php(16): CodeIgniter\Debug\Exceptions->errorHandler(2, 'require(C:\\wamp...', 'C:\\wamp64\\www\\F...', 16, Array)
#1 C:\wamp64\www\FlexiGuest\app\Config\Routes.php(16): require()
#2 C:\wamp64\www\FlexiGuest\system\Router\RouteCollection.php(354): include('C:\\wamp64\\www\\F...')
#3 C:\wamp64\www\FlexiGuest\system\Router\RouteCollection.php(426): CodeIgniter\Router\RouteCollection->discoverRoutes()
#4 C:\wamp64\www\FlexiGuest\system\Router\Router.php(351): CodeIgniter\Router\RouteCollection->getRoutes('get')
#5 C:\wamp64\www\FlexiGuest\system\Router\Router.php(154): CodeIgniter\Router\Router->checkRoutes('/')
#6 C:\wamp64\www\FlexiGuest\system\CodeIgniter.php(719): CodeIgniter\Router\Router->handle('/')
#7 C:\wamp64\www\FlexiGuest\system\CodeIgniter.php(361): CodeIgniter\CodeIgniter->tryToRouteIt(Object(CodeIgniter\Router\RouteCollection))
#8 C:\wamp64\www\FlexiGuest\system\CodeIgniter.php(320): CodeIgniter\CodeIgniter->handleRequest(NULL, Object(Config\Cache), false)
#9 C:\wamp64\www\FlexiGuest\index.php(37): CodeIgniter\CodeIgniter->run()
#10 {main}
CRITICAL - 2022-02-14 05:32:02 --> Undefined property: CodeIgniter\Router\RouteCollection::$request
#0 C:\wamp64\www\FlexiGuest\app\Config\Routes.php(18): CodeIgniter\Debug\Exceptions->errorHandler(8, 'Undefined prope...', 'C:\\wamp64\\www\\F...', 18, Array)
#1 C:\wamp64\www\FlexiGuest\system\Router\RouteCollection.php(354): include('C:\\wamp64\\www\\F...')
#2 C:\wamp64\www\FlexiGuest\system\Router\RouteCollection.php(426): CodeIgniter\Router\RouteCollection->discoverRoutes()
#3 C:\wamp64\www\FlexiGuest\system\Router\Router.php(351): CodeIgniter\Router\RouteCollection->getRoutes('get')
#4 C:\wamp64\www\FlexiGuest\system\Router\Router.php(154): CodeIgniter\Router\Router->checkRoutes('/')
#5 C:\wamp64\www\FlexiGuest\system\CodeIgniter.php(719): CodeIgniter\Router\Router->handle('/')
#6 C:\wamp64\www\FlexiGuest\system\CodeIgniter.php(361): CodeIgniter\CodeIgniter->tryToRouteIt(Object(CodeIgniter\Router\RouteCollection))
#7 C:\wamp64\www\FlexiGuest\system\CodeIgniter.php(320): CodeIgniter\CodeIgniter->handleRequest(NULL, Object(Config\Cache), false)
#8 C:\wamp64\www\FlexiGuest\index.php(37): CodeIgniter\CodeIgniter->run()
#9 {main}
CRITICAL - 2022-02-14 05:33:55 --> Undefined property: CodeIgniter\Router\RouteCollection::$uri
#0 C:\wamp64\www\FlexiGuest\app\Config\Routes.php(18): CodeIgniter\Debug\Exceptions->errorHandler(8, 'Undefined prope...', 'C:\\wamp64\\www\\F...', 18, Array)
#1 C:\wamp64\www\FlexiGuest\system\Router\RouteCollection.php(354): include('C:\\wamp64\\www\\F...')
#2 C:\wamp64\www\FlexiGuest\system\Router\RouteCollection.php(426): CodeIgniter\Router\RouteCollection->discoverRoutes()
#3 C:\wamp64\www\FlexiGuest\system\Router\Router.php(351): CodeIgniter\Router\RouteCollection->getRoutes('get')
#4 C:\wamp64\www\FlexiGuest\system\Router\Router.php(154): CodeIgniter\Router\Router->checkRoutes('/')
#5 C:\wamp64\www\FlexiGuest\system\CodeIgniter.php(719): CodeIgniter\Router\Router->handle('/')
#6 C:\wamp64\www\FlexiGuest\system\CodeIgniter.php(361): CodeIgniter\CodeIgniter->tryToRouteIt(Object(CodeIgniter\Router\RouteCollection))
#7 C:\wamp64\www\FlexiGuest\system\CodeIgniter.php(320): CodeIgniter\CodeIgniter->handleRequest(NULL, Object(Config\Cache), false)
#8 C:\wamp64\www\FlexiGuest\index.php(37): CodeIgniter\CodeIgniter->run()
#9 {main}
CRITICAL - 2022-02-14 05:33:56 --> Undefined property: CodeIgniter\Router\RouteCollection::$uri
#0 C:\wamp64\www\FlexiGuest\app\Config\Routes.php(18): CodeIgniter\Debug\Exceptions->errorHandler(8, 'Undefined prope...', 'C:\\wamp64\\www\\F...', 18, Array)
#1 C:\wamp64\www\FlexiGuest\system\Router\RouteCollection.php(354): include('C:\\wamp64\\www\\F...')
#2 C:\wamp64\www\FlexiGuest\system\Router\RouteCollection.php(426): CodeIgniter\Router\RouteCollection->discoverRoutes()
#3 C:\wamp64\www\FlexiGuest\system\Router\Router.php(351): CodeIgniter\Router\RouteCollection->getRoutes('get')
#4 C:\wamp64\www\FlexiGuest\system\Router\Router.php(154): CodeIgniter\Router\Router->checkRoutes('/')
#5 C:\wamp64\www\FlexiGuest\system\CodeIgniter.php(719): CodeIgniter\Router\Router->handle('/')
#6 C:\wamp64\www\FlexiGuest\system\CodeIgniter.php(361): CodeIgniter\CodeIgniter->tryToRouteIt(Object(CodeIgniter\Router\RouteCollection))
#7 C:\wamp64\www\FlexiGuest\system\CodeIgniter.php(320): CodeIgniter\CodeIgniter->handleRequest(NULL, Object(Config\Cache), false)
#8 C:\wamp64\www\FlexiGuest\index.php(37): CodeIgniter\CodeIgniter->run()
#9 {main}
CRITICAL - 2022-02-14 07:02:27 --> Undefined property: CodeIgniter\Router\RouteCollection::$uri
#0 C:\wamp64\www\FlexiGuest\app\Config\Routes.php(16): CodeIgniter\Debug\Exceptions->errorHandler(8, 'Undefined prope...', 'C:\\wamp64\\www\\F...', 16, Array)
#1 C:\wamp64\www\FlexiGuest\system\Router\RouteCollection.php(354): include('C:\\wamp64\\www\\F...')
#2 C:\wamp64\www\FlexiGuest\system\Router\RouteCollection.php(426): CodeIgniter\Router\RouteCollection->discoverRoutes()
#3 C:\wamp64\www\FlexiGuest\system\Router\Router.php(351): CodeIgniter\Router\RouteCollection->getRoutes('get')
#4 C:\wamp64\www\FlexiGuest\system\Router\Router.php(154): CodeIgniter\Router\Router->checkRoutes('test/test/test')
#5 C:\wamp64\www\FlexiGuest\system\CodeIgniter.php(719): CodeIgniter\Router\Router->handle('test/test/test')
#6 C:\wamp64\www\FlexiGuest\system\CodeIgniter.php(361): CodeIgniter\CodeIgniter->tryToRouteIt(Object(CodeIgniter\Router\RouteCollection))
#7 C:\wamp64\www\FlexiGuest\system\CodeIgniter.php(320): CodeIgniter\CodeIgniter->handleRequest(NULL, Object(Config\Cache), false)
#8 C:\wamp64\www\FlexiGuest\index.php(37): CodeIgniter\CodeIgniter->run()
#9 {main}
