ERROR - 2022-03-19 02:24:52 --> [Microsoft][ODBC Driver 17 for SQL Server][SQL Server]Cannot insert the value NULL into column 'RESV_TY_ID', table 'Flexiguest.dbo.FLXY_RESERVATION_TYPE'; column does not allow nulls. INSERT fails.
CRITICAL - 2022-03-19 02:24:52 --> [Microsoft][ODBC Driver 17 for SQL Server][SQL Server]Cannot insert the value NULL into column 'RESV_TY_ID', table 'Flexiguest.dbo.FLXY_RESERVATION_TYPE'; column does not allow nulls. INSERT fails.
#0 C:\wamp64\www\FlexiGuest\system\Database\BaseConnection.php(670): CodeIgniter\Database\SQLSRV\Connection->execute('INSERT INTO "fl...')
#1 C:\wamp64\www\FlexiGuest\system\Database\BaseConnection.php(598): CodeIgniter\Database\BaseConnection->simpleQuery('INSERT INTO "fl...')
#2 C:\wamp64\www\FlexiGuest\system\Database\BaseBuilder.php(1771): CodeIgniter\Database\BaseConnection->query('INSERT INTO "fl...', Array, false)
#3 C:\wamp64\www\FlexiGuest\app\Controllers\ApplicatioController.php(1877): CodeIgniter\Database\BaseBuilder->insert(Array)
#4 C:\wamp64\www\FlexiGuest\system\CodeIgniter.php(825): App\Controllers\ApplicatioController->insertReservationType()
#5 C:\wamp64\www\FlexiGuest\system\CodeIgniter.php(412): CodeIgniter\CodeIgniter->runController(Object(App\Controllers\ApplicatioController))
#6 C:\wamp64\www\FlexiGuest\system\CodeIgniter.php(320): CodeIgniter\CodeIgniter->handleRequest(NULL, Object(Config\Cache), false)
#7 C:\wamp64\www\FlexiGuest\index.php(38): CodeIgniter\CodeIgniter->run()
#8 {main}
ERROR - 2022-03-19 02:24:58 --> [Microsoft][ODBC Driver 17 for SQL Server][SQL Server]Cannot insert the value NULL into column 'RESV_TY_ID', table 'Flexiguest.dbo.FLXY_RESERVATION_TYPE'; column does not allow nulls. INSERT fails.
CRITICAL - 2022-03-19 02:24:58 --> [Microsoft][ODBC Driver 17 for SQL Server][SQL Server]Cannot insert the value NULL into column 'RESV_TY_ID', table 'Flexiguest.dbo.FLXY_RESERVATION_TYPE'; column does not allow nulls. INSERT fails.
#0 C:\wamp64\www\FlexiGuest\system\Database\BaseConnection.php(670): CodeIgniter\Database\SQLSRV\Connection->execute('INSERT INTO "fl...')
#1 C:\wamp64\www\FlexiGuest\system\Database\BaseConnection.php(598): CodeIgniter\Database\BaseConnection->simpleQuery('INSERT INTO "fl...')
#2 C:\wamp64\www\FlexiGuest\system\Database\BaseBuilder.php(1771): CodeIgniter\Database\BaseConnection->query('INSERT INTO "fl...', Array, false)
#3 C:\wamp64\www\FlexiGuest\app\Controllers\ApplicatioController.php(1877): CodeIgniter\Database\BaseBuilder->insert(Array)
#4 C:\wamp64\www\FlexiGuest\system\CodeIgniter.php(825): App\Controllers\ApplicatioController->insertReservationType()
#5 C:\wamp64\www\FlexiGuest\system\CodeIgniter.php(412): CodeIgniter\CodeIgniter->runController(Object(App\Controllers\ApplicatioController))
#6 C:\wamp64\www\FlexiGuest\system\CodeIgniter.php(320): CodeIgniter\CodeIgniter->handleRequest(NULL, Object(Config\Cache), false)
#7 C:\wamp64\www\FlexiGuest\index.php(38): CodeIgniter\CodeIgniter->run()
#8 {main}
ERROR - 2022-03-19 02:30:13 --> [Microsoft][ODBC Driver 17 for SQL Server][SQL Server]Cannot insert the value NULL into column 'RESV_TY_ID', table 'Flexiguest.dbo.FLXY_RESERVATION_TYPE'; column does not allow nulls. INSERT fails.
CRITICAL - 2022-03-19 02:30:13 --> [Microsoft][ODBC Driver 17 for SQL Server][SQL Server]Cannot insert the value NULL into column 'RESV_TY_ID', table 'Flexiguest.dbo.FLXY_RESERVATION_TYPE'; column does not allow nulls. INSERT fails.
#0 C:\wamp64\www\FlexiGuest\system\Database\BaseConnection.php(670): CodeIgniter\Database\SQLSRV\Connection->execute('INSERT INTO "fl...')
#1 C:\wamp64\www\FlexiGuest\system\Database\BaseConnection.php(598): CodeIgniter\Database\BaseConnection->simpleQuery('INSERT INTO "fl...')
#2 C:\wamp64\www\FlexiGuest\system\Database\BaseBuilder.php(1771): CodeIgniter\Database\BaseConnection->query('INSERT INTO "fl...', Array, false)
#3 C:\wamp64\www\FlexiGuest\app\Controllers\ApplicatioController.php(1877): CodeIgniter\Database\BaseBuilder->insert(Array)
#4 C:\wamp64\www\FlexiGuest\system\CodeIgniter.php(825): App\Controllers\ApplicatioController->insertReservationType()
#5 C:\wamp64\www\FlexiGuest\system\CodeIgniter.php(412): CodeIgniter\CodeIgniter->runController(Object(App\Controllers\ApplicatioController))
#6 C:\wamp64\www\FlexiGuest\system\CodeIgniter.php(320): CodeIgniter\CodeIgniter->handleRequest(NULL, Object(Config\Cache), false)
#7 C:\wamp64\www\FlexiGuest\index.php(38): CodeIgniter\CodeIgniter->run()
#8 {main}
ERROR - 2022-03-19 02:40:42 --> [Microsoft][ODBC Driver 17 for SQL Server][SQL Server]Cannot insert the value NULL into column 'RESV_TY_ID', table 'Flexiguest.dbo.FLXY_RESERVATION_TYPE'; column does not allow nulls. INSERT fails.
CRITICAL - 2022-03-19 02:40:42 --> [Microsoft][ODBC Driver 17 for SQL Server][SQL Server]Cannot insert the value NULL into column 'RESV_TY_ID', table 'Flexiguest.dbo.FLXY_RESERVATION_TYPE'; column does not allow nulls. INSERT fails.
#0 C:\wamp64\www\FlexiGuest\system\Database\BaseConnection.php(670): CodeIgniter\Database\SQLSRV\Connection->execute('INSERT INTO "fl...')
#1 C:\wamp64\www\FlexiGuest\system\Database\BaseConnection.php(598): CodeIgniter\Database\BaseConnection->simpleQuery('INSERT INTO "fl...')
#2 C:\wamp64\www\FlexiGuest\system\Database\BaseBuilder.php(1771): CodeIgniter\Database\BaseConnection->query('INSERT INTO "fl...', Array, false)
#3 C:\wamp64\www\FlexiGuest\app\Controllers\ApplicatioController.php(1877): CodeIgniter\Database\BaseBuilder->insert(Array)
#4 C:\wamp64\www\FlexiGuest\system\CodeIgniter.php(825): App\Controllers\ApplicatioController->insertReservationType()
#5 C:\wamp64\www\FlexiGuest\system\CodeIgniter.php(412): CodeIgniter\CodeIgniter->runController(Object(App\Controllers\ApplicatioController))
#6 C:\wamp64\www\FlexiGuest\system\CodeIgniter.php(320): CodeIgniter\CodeIgniter->handleRequest(NULL, Object(Config\Cache), false)
#7 C:\wamp64\www\FlexiGuest\index.php(38): CodeIgniter\CodeIgniter->run()
#8 {main}
ERROR - 2022-03-19 02:41:35 --> [Microsoft][ODBC Driver 17 for SQL Server][SQL Server]Invalid column name 'SOR_GR_ID'.
CRITICAL - 2022-03-19 02:41:35 --> [Microsoft][ODBC Driver 17 for SQL Server][SQL Server]Invalid column name 'SOR_GR_ID'.
#0 C:\wamp64\www\FlexiGuest\system\Database\BaseConnection.php(670): CodeIgniter\Database\SQLSRV\Connection->execute('SELECT RESV_TY_...')
#1 C:\wamp64\www\FlexiGuest\system\Database\BaseConnection.php(598): CodeIgniter\Database\BaseConnection->simpleQuery('SELECT RESV_TY_...')
#2 C:\wamp64\www\FlexiGuest\app\Controllers\ApplicatioController.php(1894): CodeIgniter\Database\BaseConnection->query('SELECT RESV_TY_...', Array)
#3 C:\wamp64\www\FlexiGuest\system\CodeIgniter.php(825): App\Controllers\ApplicatioController->editReservationType()
#4 C:\wamp64\www\FlexiGuest\system\CodeIgniter.php(412): CodeIgniter\CodeIgniter->runController(Object(App\Controllers\ApplicatioController))
#5 C:\wamp64\www\FlexiGuest\system\CodeIgniter.php(320): CodeIgniter\CodeIgniter->handleRequest(NULL, Object(Config\Cache), false)
#6 C:\wamp64\www\FlexiGuest\index.php(38): CodeIgniter\CodeIgniter->run()
#7 {main}
ERROR - 2022-03-19 03:52:34 --> [Microsoft][ODBC Driver 17 for SQL Server][SQL Server]Invalid column name 'RESV_TY_CODE'.
CRITICAL - 2022-03-19 03:52:34 --> [Microsoft][ODBC Driver 17 for SQL Server][SQL Server]Invalid column name 'RESV_TY_CODE'.
#0 C:\wamp64\www\FlexiGuest\system\Database\BaseConnection.php(670): CodeIgniter\Database\SQLSRV\Connection->execute('select PUR_ST_I...')
#1 C:\wamp64\www\FlexiGuest\system\Database\BaseConnection.php(598): CodeIgniter\Database\BaseConnection->simpleQuery('select PUR_ST_I...')
#2 C:\wamp64\www\FlexiGuest\app\Libraries\ServerSideDataTable.php(46): CodeIgniter\Database\BaseConnection->query('select PUR_ST_I...')
#3 C:\wamp64\www\FlexiGuest\app\Controllers\ApplicatioController.php(1922): App\Libraries\ServerSideDataTable->generate_DatatTable('FLXY_PURPOSE_ST...', 'PUR_ST_ID,PUR_S...')
#4 C:\wamp64\www\FlexiGuest\system\CodeIgniter.php(825): App\Controllers\ApplicatioController->PurposeStayView()
#5 C:\wamp64\www\FlexiGuest\system\CodeIgniter.php(412): CodeIgniter\CodeIgniter->runController(Object(App\Controllers\ApplicatioController))
#6 C:\wamp64\www\FlexiGuest\system\CodeIgniter.php(320): CodeIgniter\CodeIgniter->handleRequest(NULL, Object(Config\Cache), false)
#7 C:\wamp64\www\FlexiGuest\index.php(38): CodeIgniter\CodeIgniter->run()
#8 {main}
CRITICAL - 2022-03-19 06:25:05 --> Invalid file: Reservation/Payment.php
#0 C:\wamp64\www\FlexiGuest\system\View\View.php(198): CodeIgniter\Exceptions\FrameworkException::forInvalidFile('Reservation/Pay...')
#1 C:\wamp64\www\FlexiGuest\system\Common.php(1089): CodeIgniter\View\View->render('Reservation/Pay...', Array, true)
#2 C:\wamp64\www\FlexiGuest\app\Controllers\ApplicatioController.php(1989): view('Reservation/Pay...')
#3 C:\wamp64\www\FlexiGuest\system\CodeIgniter.php(825): App\Controllers\ApplicatioController->payment()
#4 C:\wamp64\www\FlexiGuest\system\CodeIgniter.php(412): CodeIgniter\CodeIgniter->runController(Object(App\Controllers\ApplicatioController))
#5 C:\wamp64\www\FlexiGuest\system\CodeIgniter.php(320): CodeIgniter\CodeIgniter->handleRequest(NULL, Object(Config\Cache), false)
#6 C:\wamp64\www\FlexiGuest\index.php(38): CodeIgniter\CodeIgniter->run()
#7 {main}
CRITICAL - 2022-03-19 06:25:09 --> Invalid file: Reservation/Payment.php
#0 C:\wamp64\www\FlexiGuest\system\View\View.php(198): CodeIgniter\Exceptions\FrameworkException::forInvalidFile('Reservation/Pay...')
#1 C:\wamp64\www\FlexiGuest\system\Common.php(1089): CodeIgniter\View\View->render('Reservation/Pay...', Array, true)
#2 C:\wamp64\www\FlexiGuest\app\Controllers\ApplicatioController.php(1989): view('Reservation/Pay...')
#3 C:\wamp64\www\FlexiGuest\system\CodeIgniter.php(825): App\Controllers\ApplicatioController->payment()
#4 C:\wamp64\www\FlexiGuest\system\CodeIgniter.php(412): CodeIgniter\CodeIgniter->runController(Object(App\Controllers\ApplicatioController))
#5 C:\wamp64\www\FlexiGuest\system\CodeIgniter.php(320): CodeIgniter\CodeIgniter->handleRequest(NULL, Object(Config\Cache), false)
#6 C:\wamp64\www\FlexiGuest\index.php(38): CodeIgniter\CodeIgniter->run()
#7 {main}
CRITICAL - 2022-03-19 06:25:27 --> Invalid file: Reservation/Payment.php
#0 C:\wamp64\www\FlexiGuest\system\View\View.php(198): CodeIgniter\Exceptions\FrameworkException::forInvalidFile('Reservation/Pay...')
#1 C:\wamp64\www\FlexiGuest\system\Common.php(1089): CodeIgniter\View\View->render('Reservation/Pay...', Array, true)
#2 C:\wamp64\www\FlexiGuest\app\Controllers\ApplicatioController.php(1989): view('Reservation/Pay...')
#3 C:\wamp64\www\FlexiGuest\system\CodeIgniter.php(825): App\Controllers\ApplicatioController->payment()
#4 C:\wamp64\www\FlexiGuest\system\CodeIgniter.php(412): CodeIgniter\CodeIgniter->runController(Object(App\Controllers\ApplicatioController))
#5 C:\wamp64\www\FlexiGuest\system\CodeIgniter.php(320): CodeIgniter\CodeIgniter->handleRequest(NULL, Object(Config\Cache), false)
#6 C:\wamp64\www\FlexiGuest\index.php(38): CodeIgniter\CodeIgniter->run()
#7 {main}
ERROR - 2022-03-19 06:42:24 --> [Microsoft][ODBC Driver 17 for SQL Server][SQL Server]String or binary data would be truncated in table 'Flexiguest.dbo.FLXY_RESERVATION_TYPE', column 'RESV_TY_DESC'. Truncated value: 'Credit Car'.
CRITICAL - 2022-03-19 06:42:24 --> [Microsoft][ODBC Driver 17 for SQL Server][SQL Server]String or binary data would be truncated in table 'Flexiguest.dbo.FLXY_RESERVATION_TYPE', column 'RESV_TY_DESC'. Truncated value: 'Credit Car'.
#0 C:\wamp64\www\FlexiGuest\system\Database\BaseConnection.php(670): CodeIgniter\Database\SQLSRV\Connection->execute('INSERT INTO "fl...')
#1 C:\wamp64\www\FlexiGuest\system\Database\BaseConnection.php(598): CodeIgniter\Database\BaseConnection->simpleQuery('INSERT INTO "fl...')
#2 C:\wamp64\www\FlexiGuest\system\Database\BaseBuilder.php(1771): CodeIgniter\Database\BaseConnection->query('INSERT INTO "fl...', Array, false)
#3 C:\wamp64\www\FlexiGuest\app\Controllers\ApplicatioController.php(1877): CodeIgniter\Database\BaseBuilder->insert(Array)
#4 C:\wamp64\www\FlexiGuest\system\CodeIgniter.php(825): App\Controllers\ApplicatioController->insertReservationType()
#5 C:\wamp64\www\FlexiGuest\system\CodeIgniter.php(412): CodeIgniter\CodeIgniter->runController(Object(App\Controllers\ApplicatioController))
#6 C:\wamp64\www\FlexiGuest\system\CodeIgniter.php(320): CodeIgniter\CodeIgniter->handleRequest(NULL, Object(Config\Cache), false)
#7 C:\wamp64\www\FlexiGuest\index.php(38): CodeIgniter\CodeIgniter->run()
#8 {main}
ERROR - 2022-03-19 06:42:31 --> [Microsoft][ODBC Driver 17 for SQL Server][SQL Server]String or binary data would be truncated in table 'Flexiguest.dbo.FLXY_RESERVATION_TYPE', column 'RESV_TY_DESC'. Truncated value: 'Credit Car'.
CRITICAL - 2022-03-19 06:42:31 --> [Microsoft][ODBC Driver 17 for SQL Server][SQL Server]String or binary data would be truncated in table 'Flexiguest.dbo.FLXY_RESERVATION_TYPE', column 'RESV_TY_DESC'. Truncated value: 'Credit Car'.
#0 C:\wamp64\www\FlexiGuest\system\Database\BaseConnection.php(670): CodeIgniter\Database\SQLSRV\Connection->execute('INSERT INTO "fl...')
#1 C:\wamp64\www\FlexiGuest\system\Database\BaseConnection.php(598): CodeIgniter\Database\BaseConnection->simpleQuery('INSERT INTO "fl...')
#2 C:\wamp64\www\FlexiGuest\system\Database\BaseBuilder.php(1771): CodeIgniter\Database\BaseConnection->query('INSERT INTO "fl...', Array, false)
#3 C:\wamp64\www\FlexiGuest\app\Controllers\ApplicatioController.php(1877): CodeIgniter\Database\BaseBuilder->insert(Array)
#4 C:\wamp64\www\FlexiGuest\system\CodeIgniter.php(825): App\Controllers\ApplicatioController->insertReservationType()
#5 C:\wamp64\www\FlexiGuest\system\CodeIgniter.php(412): CodeIgniter\CodeIgniter->runController(Object(App\Controllers\ApplicatioController))
#6 C:\wamp64\www\FlexiGuest\system\CodeIgniter.php(320): CodeIgniter\CodeIgniter->handleRequest(NULL, Object(Config\Cache), false)
#7 C:\wamp64\www\FlexiGuest\index.php(38): CodeIgniter\CodeIgniter->run()
#8 {main}
