CRITICAL - 2022-02-16 01:04:23 --> Invalid file: welcome_message.php
#0 C:\wamp64\www\FlexiGuest\system\View\View.php(198): CodeIgniter\Exceptions\FrameworkException::forInvalidFile('welcome_message...')
#1 C:\wamp64\www\FlexiGuest\system\Common.php(1089): CodeIgniter\View\View->render('welcome_message', Array, true)
#2 C:\wamp64\www\FlexiGuest\app\Controllers\MainController.php(22): view('welcome_message')
#3 C:\wamp64\www\FlexiGuest\system\CodeIgniter.php(825): App\Controllers\MainController->index()
#4 C:\wamp64\www\FlexiGuest\system\CodeIgniter.php(412): CodeIgniter\CodeIgniter->runController(Object(App\Controllers\MainController))
#5 C:\wamp64\www\FlexiGuest\system\CodeIgniter.php(320): CodeIgniter\CodeIgniter->handleRequest(NULL, Object(Config\Cache), false)
#6 C:\wamp64\www\FlexiGuest\index.php(37): CodeIgniter\CodeIgniter->run()
#7 {main}
CRITICAL - 2022-02-16 01:04:58 --> Invalid file: welcome_message.php
#0 C:\wamp64\www\FlexiGuest\system\View\View.php(198): CodeIgniter\Exceptions\FrameworkException::forInvalidFile('welcome_message...')
#1 C:\wamp64\www\FlexiGuest\system\Common.php(1089): CodeIgniter\View\View->render('welcome_message', Array, true)
#2 C:\wamp64\www\FlexiGuest\app\Controllers\MainController.php(22): view('welcome_message')
#3 C:\wamp64\www\FlexiGuest\system\CodeIgniter.php(825): App\Controllers\MainController->index()
#4 C:\wamp64\www\FlexiGuest\system\CodeIgniter.php(412): CodeIgniter\CodeIgniter->runController(Object(App\Controllers\MainController))
#5 C:\wamp64\www\FlexiGuest\system\CodeIgniter.php(320): CodeIgniter\CodeIgniter->handleRequest(NULL, Object(Config\Cache), false)
#6 C:\wamp64\www\FlexiGuest\index.php(37): CodeIgniter\CodeIgniter->run()
#7 {main}
CRITICAL - 2022-02-16 01:07:44 --> Invalid file: welcome_message.php
#0 C:\wamp64\www\FlexiGuest\system\View\View.php(198): CodeIgniter\Exceptions\FrameworkException::forInvalidFile('welcome_message...')
#1 C:\wamp64\www\FlexiGuest\system\Common.php(1089): CodeIgniter\View\View->render('welcome_message', Array, true)
#2 C:\wamp64\www\FlexiGuest\app\Controllers\MainController.php(22): view('welcome_message')
#3 C:\wamp64\www\FlexiGuest\system\CodeIgniter.php(825): App\Controllers\MainController->index()
#4 C:\wamp64\www\FlexiGuest\system\CodeIgniter.php(412): CodeIgniter\CodeIgniter->runController(Object(App\Controllers\MainController))
#5 C:\wamp64\www\FlexiGuest\system\CodeIgniter.php(320): CodeIgniter\CodeIgniter->handleRequest(NULL, Object(Config\Cache), false)
#6 C:\wamp64\www\FlexiGuest\index.php(37): CodeIgniter\CodeIgniter->run()
#7 {main}
CRITICAL - 2022-02-16 01:14:03 --> Undefined variable: baseURL
#0 C:\wamp64\www\FlexiGuest\app\Views\Dashboard.php(5): CodeIgniter\Debug\Exceptions->errorHandler(8, 'Undefined varia...', 'C:\\wamp64\\www\\F...', 5, Array)
#1 C:\wamp64\www\FlexiGuest\system\View\View.php(210): include('C:\\wamp64\\www\\F...')
#2 C:\wamp64\www\FlexiGuest\system\View\View.php(213): CodeIgniter\View\View->CodeIgniter\View\{closure}()
#3 C:\wamp64\www\FlexiGuest\system\Common.php(1089): CodeIgniter\View\View->render('Dashboard', Array, true)
#4 C:\wamp64\www\FlexiGuest\app\Controllers\ApplicatioController.php(9): view('Dashboard')
#5 C:\wamp64\www\FlexiGuest\system\CodeIgniter.php(825): App\Controllers\ApplicatioController->index()
#6 C:\wamp64\www\FlexiGuest\system\CodeIgniter.php(412): CodeIgniter\CodeIgniter->runController(Object(App\Controllers\ApplicatioController))
#7 C:\wamp64\www\FlexiGuest\system\CodeIgniter.php(320): CodeIgniter\CodeIgniter->handleRequest(NULL, Object(Config\Cache), false)
#8 C:\wamp64\www\FlexiGuest\index.php(37): CodeIgniter\CodeIgniter->run()
#9 {main}
CRITICAL - 2022-02-16 01:23:09 --> syntax error, unexpected '?>', expecting ')'
#0 C:\wamp64\www\FlexiGuest\system\View\View.php(213): CodeIgniter\View\View->CodeIgniter\View\{closure}()
#1 C:\wamp64\www\FlexiGuest\system\Common.php(1089): CodeIgniter\View\View->render('Dashboard', Array, true)
#2 C:\wamp64\www\FlexiGuest\app\Controllers\ApplicatioController.php(9): view('Dashboard')
#3 C:\wamp64\www\FlexiGuest\system\CodeIgniter.php(825): App\Controllers\ApplicatioController->index()
#4 C:\wamp64\www\FlexiGuest\system\CodeIgniter.php(412): CodeIgniter\CodeIgniter->runController(Object(App\Controllers\ApplicatioController))
#5 C:\wamp64\www\FlexiGuest\system\CodeIgniter.php(320): CodeIgniter\CodeIgniter->handleRequest(NULL, Object(Config\Cache), false)
#6 C:\wamp64\www\FlexiGuest\index.php(37): CodeIgniter\CodeIgniter->run()
#7 {main}
