CRITICAL - 2022-03-15 05:18:16 --> Undefined index: RESV_RM_TYPE
#0 C:\wamp64\www\FlexiGuest\app\Controllers\ApplicatioController.php(182): CodeIgniter\Debug\Exceptions->errorHandler(8, 'Undefined index...', 'C:\\wamp64\\www\\F...', 182, Array)
#1 C:\wamp64\www\FlexiGuest\system\CodeIgniter.php(825): App\Controllers\ApplicatioController->insertReservation()
#2 C:\wamp64\www\FlexiGuest\system\CodeIgniter.php(412): CodeIgniter\CodeIgniter->runController(Object(App\Controllers\ApplicatioController))
#3 C:\wamp64\www\FlexiGuest\system\CodeIgniter.php(320): CodeIgniter\CodeIgniter->handleRequest(NULL, Object(Config\Cache), false)
#4 C:\wamp64\www\FlexiGuest\index.php(38): CodeIgniter\CodeIgniter->run()
#5 {main}
CRITICAL - 2022-03-15 05:18:21 --> Undefined index: RESV_RM_TYPE
#0 C:\wamp64\www\FlexiGuest\app\Controllers\ApplicatioController.php(182): CodeIgniter\Debug\Exceptions->errorHandler(8, 'Undefined index...', 'C:\\wamp64\\www\\F...', 182, Array)
#1 C:\wamp64\www\FlexiGuest\system\CodeIgniter.php(825): App\Controllers\ApplicatioController->insertReservation()
#2 C:\wamp64\www\FlexiGuest\system\CodeIgniter.php(412): CodeIgniter\CodeIgniter->runController(Object(App\Controllers\ApplicatioController))
#3 C:\wamp64\www\FlexiGuest\system\CodeIgniter.php(320): CodeIgniter\CodeIgniter->handleRequest(NULL, Object(Config\Cache), false)
#4 C:\wamp64\www\FlexiGuest\index.php(38): CodeIgniter\CodeIgniter->run()
#5 {main}
CRITICAL - 2022-03-15 05:18:26 --> Undefined index: RESV_RM_TYPE
#0 C:\wamp64\www\FlexiGuest\app\Controllers\ApplicatioController.php(182): CodeIgniter\Debug\Exceptions->errorHandler(8, 'Undefined index...', 'C:\\wamp64\\www\\F...', 182, Array)
#1 C:\wamp64\www\FlexiGuest\system\CodeIgniter.php(825): App\Controllers\ApplicatioController->insertReservation()
#2 C:\wamp64\www\FlexiGuest\system\CodeIgniter.php(412): CodeIgniter\CodeIgniter->runController(Object(App\Controllers\ApplicatioController))
#3 C:\wamp64\www\FlexiGuest\system\CodeIgniter.php(320): CodeIgniter\CodeIgniter->handleRequest(NULL, Object(Config\Cache), false)
#4 C:\wamp64\www\FlexiGuest\index.php(38): CodeIgniter\CodeIgniter->run()
#5 {main}
CRITICAL - 2022-03-15 05:31:57 --> Undefined index: RESV_RM_TYPE
#0 C:\wamp64\www\FlexiGuest\app\Controllers\ApplicatioController.php(182): CodeIgniter\Debug\Exceptions->errorHandler(8, 'Undefined index...', 'C:\\wamp64\\www\\F...', 182, Array)
#1 C:\wamp64\www\FlexiGuest\system\CodeIgniter.php(825): App\Controllers\ApplicatioController->insertReservation()
#2 C:\wamp64\www\FlexiGuest\system\CodeIgniter.php(412): CodeIgniter\CodeIgniter->runController(Object(App\Controllers\ApplicatioController))
#3 C:\wamp64\www\FlexiGuest\system\CodeIgniter.php(320): CodeIgniter\CodeIgniter->handleRequest(NULL, Object(Config\Cache), false)
#4 C:\wamp64\www\FlexiGuest\index.php(38): CodeIgniter\CodeIgniter->run()
#5 {main}
CRITICAL - 2022-03-15 05:49:21 --> Call to undefined function App\Controllers\updateCustomerData()
#0 C:\wamp64\www\FlexiGuest\system\CodeIgniter.php(825): App\Controllers\ApplicatioController->insertReservation()
#1 C:\wamp64\www\FlexiGuest\system\CodeIgniter.php(412): CodeIgniter\CodeIgniter->runController(Object(App\Controllers\ApplicatioController))
#2 C:\wamp64\www\FlexiGuest\system\CodeIgniter.php(320): CodeIgniter\CodeIgniter->handleRequest(NULL, Object(Config\Cache), false)
#3 C:\wamp64\www\FlexiGuest\index.php(38): CodeIgniter\CodeIgniter->run()
#4 {main}
CRITICAL - 2022-03-15 05:49:40 --> Undefined index: CUST_PHON
#0 C:\wamp64\www\FlexiGuest\app\Controllers\ApplicatioController.php(233): CodeIgniter\Debug\Exceptions->errorHandler(8, 'Undefined index...', 'C:\\wamp64\\www\\F...', 233, Array)
#1 C:\wamp64\www\FlexiGuest\app\Controllers\ApplicatioController.php(210): App\Controllers\ApplicatioController->updateCustomerData('2005')
#2 C:\wamp64\www\FlexiGuest\system\CodeIgniter.php(825): App\Controllers\ApplicatioController->insertReservation()
#3 C:\wamp64\www\FlexiGuest\system\CodeIgniter.php(412): CodeIgniter\CodeIgniter->runController(Object(App\Controllers\ApplicatioController))
#4 C:\wamp64\www\FlexiGuest\system\CodeIgniter.php(320): CodeIgniter\CodeIgniter->handleRequest(NULL, Object(Config\Cache), false)
#5 C:\wamp64\www\FlexiGuest\index.php(38): CodeIgniter\CodeIgniter->run()
#6 {main}
ERROR - 2022-03-15 06:30:41 --> Email: sendWithSmtp throwed stream_socket_enable_crypto(): SSL operation failed with code 1. OpenSSL Error messages:
error:1408F10B:SSL routines:ssl3_get_record:wrong version number
