
 [2023-01-02 13:22:22.599254] No notification launch app  Instance of 'NotificationAppLaunchDetails' 

 [2023-01-02 13:22:23.828704] ***** Inside initConnectivity Online ***** 
hitekservices.com/api/hotel-properties 
 Payload: 
 {"group_id":1} 
 ***** 
** 

 [2023-01-02 13:22:24.107666] ***** Inside _updateConnectionStatus pinging IP ***** 

 [2023-01-02 13:22:24.167189] ***** CommonProvider Signalling ***** 

 [2023-01-02 13:22:24.424149] ***** CommonProvider Signalling ***** 

 [2023-01-02 13:22:24.720499] ***** CommonProvider Signalling ***** 

 [2023-01-02 13:22:25.043671] 
 ********************* Exit HTTP Request 
 Response: 
 	
{
    "SUCCESS": 200,
    "RESPONSE": {
        "ERROR": false,
        "REPORT_RES": {
            "msg": "count"
        },
        "OUTPUT": {
            "unread_notifications": 0
        }
    }
} 
 *************** 

 [2023-01-02 13:22:25.056934] 
 ********************* Exit HTTP Request 
 Response: 
 {
    "SUCCESS": 200,
    "RESPONSE": {
        "ERROR": false,
        "REPORT_RES": {
            "msg": "Hotel Properties."
        },
        "OUTPUT": [
            {
                "HP_ID": 1,
                "HP_NAME": "7132 Hotel",
                "HG_ID": 1,
                "HP_DEFAULT": 1,
                "HP_STATUS": 1,
                "HP_CREATED_AT": "2022-12-19 10:51:48.367",
                "HP_UPDATED_AT": "2022-12-19 10:51:48.367"
            },
            {
                "HP_ID": 2,
                "HP_NAME": "7132 House of Architects",
                "HG_ID": 1,
                "HP_DEFAULT": 0,
                "HP_STATUS": 1,
                "HP_CREATED_AT": "2022-12-19 10:51:48.367",
                "HP_UPDATED_AT": "2022-12-19 10:51:48.367"
            },
            {
                "HP_ID": 3,
                "HP_NAME": "7132 Glenner Hotel",
                "HG_ID": 1,
                "HP_DEFAULT": 0,
                "HP_STATUS": 1,
                "HP_CREATED_AT": "2022-12-19 10:51:48.367",
                "HP_UPDATED_AT": "2022-12-19 10:51:48.367"
            }
        ]
    }
} 
 *************** 

 [2023-01-02 13:22:25.068891] ***** CommonProvider Signalling ***** 

 [2023-01-02 13:22:26.663756] ***** 
 RequestMethod.get: https://fgmulti.hitekservices.com/api/admin/reservation/get-reservations-list 
 Payload: 
 {} 
 ***** 

 [2023-01-02 13:22:26.965659] ***** CheckInProvider Reservation List Signalling ***** 

    "SUCCESS": 200,
    "RESPONSE": {
        "ERROR": false,
        "REPORT_RES": {
            "msg": "Reservations list"
        },
        "OUTPUT": []
    }
} 
 *************** 
