
 [2023-01-02 13:21:49.242635] No notification launch app  Instance of 'NotificationAppLaunchDetails' 

 [2023-01-02 13:21:50.400433] ***** Inside initConnectivity Online ***** 
hitekservices.com/api/hotel-properties 
 Payload: 
 {"group_id":1} 
 ***** 
** 

 [2023-01-02 13:21:50.649927] ***** Inside _updateConnectionStatus pinging IP ***** 

 [2023-01-02 13:21:51.048490] ***** CommonProvider Signalling ***** 

 [2023-01-02 13:21:51.494840] 
 ********************* Exit HTTP Request 
 Response: 
 	
{
    "SUCCESS": 200,
    "RESPONSE": {
        "ERROR": false,
        "REPORT_RES": {
            "msg": "count"
        },
        "OUTPUT": {
            "unread_notifications": 0
        }
    }
} 
 *************** 

 [2023-01-02 13:21:51.527217] ***** CommonProvider Signalling ***** 
st 
 Response: 
 {
    "SUCCESS": 200,
    "RESPONSE": {
        "ERROR": false,
        "REPORT_RES": {
            "msg": "Hotel Properties."
        },
        "OUTPUT": [
            {
                "HP_ID": 1,
                "HP_NAME": "7132 Hotel",
                "HG_ID": 1,
                "HP_DEFAULT": 1,
                "HP_STATUS": 1,
                "HP_CREATED_AT": "2022-12-19 10:51:48.367",
                "HP_UPDATED_AT": "2022-12-19 10:51:48.367"
            },
            {
                "HP_ID": 2,
                "HP_NAME": "7132 House of Architects",
                "HG_ID": 1,
                "HP_DEFAULT": 0,
                "HP_STATUS": 1,
                "HP_CREATED_AT": "2022-12-19 10:51:48.367",
                "HP_UPDATED_AT": "2022-12-19 10:51:48.367"
            },
            {
                "HP_ID": 3,
                "HP_NAME": "7132 Glenner Hotel",
                "HG_ID": 1,
                "HP_DEFAULT": 0,
                "HP_STATUS": 1,
                "HP_CREATED_AT": "2022-12-19 10:51:48.367",
                "HP_UPDATED_AT": "2022-12-19 10:51:48.367"
            }
        ]
    }
} 
 *************** 

 [2023-01-02 13:22:41.434163] No notification launch app  Instance of 'NotificationAppLaunchDetails' 

 [2023-01-02 13:22:42.651800] ***** Inside initConnectivity Online ***** 
hitekservices.com/api/hotel-properties 
 Payload: 
 {"group_id":1} 
 ***** 
** 

 [2023-01-02 13:22:42.933837] ***** Inside _updateConnectionStatus pinging IP ***** 

 [2023-01-02 13:22:42.994476] ***** CommonProvider Signalling ***** 

 [2023-01-02 13:22:43.530768] ***** CommonProvider Signalling ***** 

 [2023-01-02 13:22:43.793122] 
 ********************* Exit HTTP Request 
 Response: 
 {
    "SUCCESS": 200,
    "RESPONSE": {
        "ERROR": false,
        "REPORT_RES": {
            "msg": "Hotel Properties."
        },
        "OUTPUT": [
            {
                "HP_ID": 1,
                "HP_NAME": "7132 Hotel",
                "HG_ID": 1,
                "HP_DEFAULT": 1,
                "HP_STATUS": 1,
                "HP_CREATED_AT": "2022-12-19 10:51:48.367",
                "HP_UPDATED_AT": "2022-12-19 10:51:48.367"
            },
            {
                "HP_ID": 2,
                "HP_NAME": "7132 House of Architects",
                "HG_ID": 1,
                "HP_DEFAULT": 0,
                "HP_STATUS": 1,
                "HP_CREATED_AT": "2022-12-19 10:51:48.367",
                "HP_UPDATED_AT": "2022-12-19 10:51:48.367"
            },
            {
                "HP_ID": 3,
                "HP_NAME": "7132 Glenner Hotel",
                "HG_ID": 1,
                "HP_DEFAULT": 0,
                "HP_STATUS": 1,
                "HP_CREATED_AT": "2022-12-19 10:51:48.367",
                "HP_UPDATED_AT": "2022-12-19 10:51:48.367"
            }
        ]
    }
} 
 *************** 

 [2023-01-02 13:22:43.845699] 
 ********************* Exit HTTP Request 
 Response: 
 	
{
    "SUCCESS": 200,
    "RESPONSE": {
        "ERROR": false,
        "REPORT_RES": {
            "msg": "count"
        },
        "OUTPUT": {
            "unread_notifications": 0
        }
    }
} 
 *************** 

 [2023-01-02 13:22:43.868231] ***** CommonProvider Signalling ***** 

 [2023-01-02 13:22:44.589594] ***** 
 RequestMethod.get: https://fgmulti.hitekservices.com/api/admin/housekeeping/all-tasks 
 Payload: 
 {} 
 ***** 

 [2023-01-02 13:22:45.106663] ***** HousekeepingProvider Request List Signalling ***** 
    "SUCCESS": 200,
    "RESPONSE": {
        "ERROR": false,
        "REPORT_RES": {
            "msg": "All Tasks"
        },
        "OUTPUT": []
    }
} 
 *************** 
